
############################ bjorn - 06/14/23 10:27:59 EST ############################

2023/06/14 10:27:59 autossh[2626]: checking for grace period, tries = 0
2023/06/14 10:27:59 autossh[2626]: starting ssh (count 1)
2023/06/14 10:27:59 autossh[2626]: ssh child pid is 2630
2023/06/14 10:27:59 autossh[2626]: check on child 2630
2023/06/14 10:27:59 autossh[2626]: set alarm for 600 secs
2023/06/14 10:27:59 autossh[2630]: execing /usr/bin/ssh

############################ bjorn - 06/14/23 13:55:01 EST ############################

2023/06/14 13:55:01 autossh[7254]: checking for grace period, tries = 0
2023/06/14 13:55:01 autossh[7254]: starting ssh (count 1)
2023/06/14 13:55:01 autossh[7254]: ssh child pid is 7255
2023/06/14 13:55:01 autossh[7254]: check on child 7255
2023/06/14 13:55:01 autossh[7254]: set alarm for 600 secs
2023/06/14 13:55:01 autossh[7255]: execing /usr/bin/ssh

############################ bjorn - 06/14/23 13:56:31 EST ############################

2023/06/14 13:56:31 autossh[7321]: bind on 127.0.0.1:61001: Address already in use

############################ bjorn - 06/14/23 14:00:01 EST ############################

2023/06/14 14:00:01 autossh[7446]: bind on 127.0.0.1:61001: Address already in use
2023/06/14 14:05:16 autossh[7254]: timeout polling to accept read connection
2023/06/14 14:05:16 autossh[7254]: port down, restarting ssh
2023/06/14 14:05:16 autossh[7254]: checking for grace period, tries = 0
2023/06/14 14:05:16 autossh[7254]: starting ssh (count 2)
2023/06/14 14:05:16 autossh[7254]: ssh child pid is 7682
2023/06/14 14:05:16 autossh[7254]: check on child 7682
2023/06/14 14:05:16 autossh[7254]: set alarm for 600 secs
2023/06/14 14:05:16 autossh[7682]: execing /usr/bin/ssh

############################ bjorn - 06/14/23 14:10:01 EST ############################

2023/06/14 14:10:01 autossh[8175]: bind on 127.0.0.1:61001: Address already in use

############################ bjorn - 06/14/23 14:12:37 EST ############################

2023/06/14 14:12:37 autossh[8288]: bind on 127.0.0.1:61001: Address already in use

############################ bjorn - 06/14/23 14:12:55 EST ############################

2023/06/14 14:12:55 autossh[8300]: bind on 127.0.0.1:61001: Address already in use
2023/06/14 14:15:31 autossh[7254]: timeout polling to accept read connection
2023/06/14 14:15:31 autossh[7254]: port down, restarting ssh
2023/06/14 14:15:31 autossh[7254]: checking for grace period, tries = 0
2023/06/14 14:15:31 autossh[7254]: starting ssh (count 3)
2023/06/14 14:15:31 autossh[7254]: ssh child pid is 8400
2023/06/14 14:15:31 autossh[7254]: check on child 8400
2023/06/14 14:15:31 autossh[7254]: set alarm for 600 secs
2023/06/14 14:15:31 autossh[8400]: execing /usr/bin/ssh

############################ bjorn - 06/14/23 14:20:02 EST ############################

2023/06/14 14:20:02 autossh[8557]: bind on 127.0.0.1:61001: Address already in use

############################ bjorn - 06/14/23 14:23:17 EST ############################

2023/06/14 14:23:17 autossh[8717]: checking for grace period, tries = 0
2023/06/14 14:23:17 autossh[8717]: starting ssh (count 1)
2023/06/14 14:23:17 autossh[8717]: ssh child pid is 8718
2023/06/14 14:23:17 autossh[8717]: check on child 8718
2023/06/14 14:23:17 autossh[8717]: set alarm for 600 secs
2023/06/14 14:23:17 autossh[8718]: execing /usr/bin/ssh

############################ bjorn - 06/14/23 14:28:25 EST ############################

2023/06/14 14:28:25 autossh[9066]: checking for grace period, tries = 0
2023/06/14 14:28:25 autossh[9066]: starting ssh (count 1)
2023/06/14 14:28:25 autossh[9066]: ssh child pid is 9067
2023/06/14 14:28:25 autossh[9066]: check on child 9067
2023/06/14 14:28:25 autossh[9066]: set alarm for 600 secs
2023/06/14 14:28:25 autossh[9067]: execing /usr/bin/ssh

############################ bjorn - 06/14/23 14:29:56 EST ############################

2023/06/14 14:29:56 autossh[9123]: checking for grace period, tries = 0
2023/06/14 14:29:56 autossh[9123]: starting ssh (count 1)
2023/06/14 14:29:56 autossh[9123]: ssh child pid is 9124
2023/06/14 14:29:56 autossh[9123]: check on child 9124
2023/06/14 14:29:56 autossh[9123]: set alarm for 600 secs
2023/06/14 14:29:56 autossh[9124]: execing /usr/bin/ssh

############################ bjorn - 06/14/23 14:30:01 EST ############################

2023/06/14 14:30:01 autossh[9138]: bind on 127.0.0.1:61001: Address already in use

############################ bjorn - 06/15/23 00:02:01 EST ############################

2023/06/15 00:02:01 autossh[2248]: checking for grace period, tries = 0
2023/06/15 00:02:01 autossh[2248]: starting ssh (count 1)
2023/06/15 00:02:01 autossh[2248]: ssh child pid is 2250
2023/06/15 00:02:01 autossh[2248]: check on child 2250
2023/06/15 00:02:01 autossh[2248]: set alarm for 600 secs
2023/06/15 00:02:01 autossh[2250]: execing /usr/bin/ssh
2023/06/15 00:02:01 autossh[2248]: check on child 2250
2023/06/15 00:02:01 autossh[2248]: ssh exited with error status 255; restarting ssh
2023/06/15 00:02:01 autossh[2248]: expired child, returning 1
2023/06/15 00:02:01 autossh[2248]: checking for grace period, tries = 1
2023/06/15 00:02:01 autossh[2248]: starting ssh (count 2)
2023/06/15 00:02:01 autossh[2248]: ssh child pid is 2266
2023/06/15 00:02:01 autossh[2248]: check on child 2266
2023/06/15 00:02:01 autossh[2248]: set alarm for 600 secs
2023/06/15 00:02:01 autossh[2266]: execing /usr/bin/ssh
2023/06/15 00:02:01 autossh[2248]: check on child 2266
2023/06/15 00:02:01 autossh[2248]: ssh exited with error status 255; restarting ssh
2023/06/15 00:02:01 autossh[2248]: expired child, returning 1
2023/06/15 00:02:01 autossh[2248]: checking for grace period, tries = 2
2023/06/15 00:02:01 autossh[2248]: starting ssh (count 3)
2023/06/15 00:02:01 autossh[2248]: ssh child pid is 2272
2023/06/15 00:02:01 autossh[2248]: check on child 2272
2023/06/15 00:02:01 autossh[2248]: set alarm for 600 secs
2023/06/15 00:02:01 autossh[2272]: execing /usr/bin/ssh
2023/06/15 00:02:01 autossh[2248]: check on child 2272
2023/06/15 00:02:01 autossh[2248]: ssh exited with error status 255; restarting ssh
2023/06/15 00:02:01 autossh[2248]: expired child, returning 1
2023/06/15 00:02:01 autossh[2248]: checking for grace period, tries = 3
2023/06/15 00:02:01 autossh[2248]: starting ssh (count 4)
2023/06/15 00:02:01 autossh[2248]: ssh child pid is 2274
2023/06/15 00:02:01 autossh[2248]: check on child 2274
2023/06/15 00:02:01 autossh[2248]: set alarm for 600 secs
2023/06/15 00:02:01 autossh[2274]: execing /usr/bin/ssh
2023/06/15 00:02:01 autossh[2248]: check on child 2274
2023/06/15 00:02:01 autossh[2248]: ssh exited with error status 255; restarting ssh
2023/06/15 00:02:01 autossh[2248]: expired child, returning 1
2023/06/15 00:02:01 autossh[2248]: checking for grace period, tries = 4
2023/06/15 00:02:01 autossh[2248]: starting ssh (count 5)
2023/06/15 00:02:01 autossh[2248]: ssh child pid is 2276
2023/06/15 00:02:01 autossh[2248]: check on child 2276
2023/06/15 00:02:01 autossh[2248]: set alarm for 600 secs
2023/06/15 00:02:01 autossh[2276]: execing /usr/bin/ssh
2023/06/15 00:02:01 autossh[2248]: check on child 2276
2023/06/15 00:02:01 autossh[2248]: ssh exited with error status 255; restarting ssh
2023/06/15 00:02:01 autossh[2248]: expired child, returning 1
2023/06/15 00:02:01 autossh[2248]: checking for grace period, tries = 5
2023/06/15 00:02:01 autossh[2248]: starting ssh (count 6)
2023/06/15 00:02:01 autossh[2248]: ssh child pid is 2277
2023/06/15 00:02:01 autossh[2248]: check on child 2277
2023/06/15 00:02:01 autossh[2248]: set alarm for 600 secs
2023/06/15 00:02:01 autossh[2277]: execing /usr/bin/ssh
2023/06/15 00:02:01 autossh[2248]: check on child 2277
2023/06/15 00:02:01 autossh[2248]: ssh exited with error status 255; restarting ssh
2023/06/15 00:02:01 autossh[2248]: expired child, returning 1
2023/06/15 00:02:01 autossh[2248]: checking for grace period, tries = 6
2023/06/15 00:02:01 autossh[2248]: sleeping for grace time 2 secs
2023/06/15 00:02:03 autossh[2248]: starting ssh (count 7)
2023/06/15 00:02:03 autossh[2248]: ssh child pid is 2283
2023/06/15 00:02:03 autossh[2248]: check on child 2283
2023/06/15 00:02:03 autossh[2248]: set alarm for 598 secs
2023/06/15 00:02:03 autossh[2283]: execing /usr/bin/ssh
2023/06/15 00:02:03 autossh[2248]: check on child 2283
2023/06/15 00:02:03 autossh[2248]: ssh exited with error status 255; restarting ssh
2023/06/15 00:02:03 autossh[2248]: expired child, returning 1
2023/06/15 00:02:03 autossh[2248]: checking for grace period, tries = 7
2023/06/15 00:02:03 autossh[2248]: sleeping for grace time 8 secs
2023/06/15 00:02:11 autossh[2248]: starting ssh (count 8)
2023/06/15 00:02:11 autossh[2248]: ssh child pid is 2293
2023/06/15 00:02:11 autossh[2248]: check on child 2293
2023/06/15 00:02:11 autossh[2248]: set alarm for 590 secs
2023/06/15 00:02:11 autossh[2293]: execing /usr/bin/ssh
2023/06/15 00:02:11 autossh[2248]: check on child 2293
2023/06/15 00:02:11 autossh[2248]: ssh exited with error status 255; restarting ssh
2023/06/15 00:02:11 autossh[2248]: expired child, returning 1
2023/06/15 00:02:11 autossh[2248]: checking for grace period, tries = 8
2023/06/15 00:02:11 autossh[2248]: sleeping for grace time 18 secs
2023/06/15 00:02:29 autossh[2248]: starting ssh (count 9)
2023/06/15 00:02:29 autossh[2248]: ssh child pid is 2395
2023/06/15 00:02:29 autossh[2395]: execing /usr/bin/ssh
2023/06/15 00:02:29 autossh[2248]: check on child 2395
2023/06/15 00:02:29 autossh[2248]: set alarm for 572 secs
2023/06/15 00:02:29 autossh[2248]: check on child 2395
2023/06/15 00:02:29 autossh[2248]: ssh exited with error status 255; restarting ssh
2023/06/15 00:02:29 autossh[2248]: expired child, returning 1
2023/06/15 00:02:29 autossh[2248]: checking for grace period, tries = 9
2023/06/15 00:02:29 autossh[2248]: sleeping for grace time 32 secs
2023/06/15 00:03:01 autossh[2248]: starting ssh (count 10)
2023/06/15 00:03:01 autossh[2248]: ssh child pid is 2420
2023/06/15 00:03:01 autossh[2248]: check on child 2420
2023/06/15 00:03:01 autossh[2248]: set alarm for 540 secs
2023/06/15 00:03:01 autossh[2420]: execing /usr/bin/ssh
2023/06/15 00:03:01 autossh[2248]: check on child 2420
2023/06/15 00:03:01 autossh[2248]: ssh exited with error status 255; restarting ssh
2023/06/15 00:03:01 autossh[2248]: expired child, returning 1
2023/06/15 00:03:01 autossh[2248]: checking for grace period, tries = 10
2023/06/15 00:03:01 autossh[2248]: sleeping for grace time 50 secs
2023/06/15 00:03:51 autossh[2248]: starting ssh (count 11)
2023/06/15 00:03:51 autossh[2248]: ssh child pid is 2598
2023/06/15 00:03:51 autossh[2248]: check on child 2598
2023/06/15 00:03:51 autossh[2248]: set alarm for 490 secs
2023/06/15 00:03:51 autossh[2598]: execing /usr/bin/ssh
2023/06/15 00:10:38 autossh[2248]: check on child 2598
2023/06/15 00:10:38 autossh[2248]: set alarm for 83 secs
2023/06/15 00:10:38 autossh[2248]: check on child 2598
2023/06/15 00:10:38 autossh[2248]: set alarm for 83 secs
2023/06/15 00:10:38 autossh[2248]: check on child 2598
2023/06/15 00:10:38 autossh[2248]: ssh exited with status 0; autossh exiting
2023/06/15 00:10:38 autossh[2248]: expired child, returning 2

############################ bjorn - 06/15/23 08:02:01 EST ############################

2023/06/15 08:02:01 autossh[2246]: checking for grace period, tries = 0
2023/06/15 08:02:01 autossh[2246]: starting ssh (count 1)
2023/06/15 08:02:01 autossh[2246]: ssh child pid is 2247
2023/06/15 08:02:01 autossh[2246]: check on child 2247
2023/06/15 08:02:01 autossh[2246]: set alarm for 600 secs
2023/06/15 08:02:01 autossh[2247]: execing /usr/bin/ssh
2023/06/15 08:12:16 autossh[2246]: timeout polling to accept read connection
2023/06/15 08:12:16 autossh[2246]: port down, restarting ssh
2023/06/15 08:12:16 autossh[2246]: checking for grace period, tries = 0
2023/06/15 08:12:16 autossh[2246]: starting ssh (count 2)
2023/06/15 08:12:16 autossh[2246]: ssh child pid is 2908
2023/06/15 08:12:16 autossh[2246]: check on child 2908
2023/06/15 08:12:16 autossh[2246]: set alarm for 600 secs
2023/06/15 08:12:16 autossh[2908]: execing /usr/bin/ssh
2023/06/15 08:22:31 autossh[2246]: timeout polling to accept read connection
2023/06/15 08:22:31 autossh[2246]: port down, restarting ssh
2023/06/15 08:22:31 autossh[2246]: checking for grace period, tries = 0
2023/06/15 08:22:31 autossh[2246]: starting ssh (count 3)
2023/06/15 08:22:31 autossh[2246]: ssh child pid is 3232
2023/06/15 08:22:31 autossh[2246]: check on child 3232
2023/06/15 08:22:31 autossh[2246]: set alarm for 600 secs
2023/06/15 08:22:31 autossh[3232]: execing /usr/bin/ssh
2023/06/15 08:32:46 autossh[2246]: timeout polling to accept read connection
2023/06/15 08:32:46 autossh[2246]: port down, restarting ssh
2023/06/15 08:32:46 autossh[2246]: checking for grace period, tries = 0
2023/06/15 08:32:46 autossh[2246]: starting ssh (count 4)
2023/06/15 08:32:46 autossh[2246]: ssh child pid is 3580
2023/06/15 08:32:46 autossh[2246]: check on child 3580
2023/06/15 08:32:46 autossh[2246]: set alarm for 600 secs
2023/06/15 08:32:46 autossh[3580]: execing /usr/bin/ssh

############################ bjorn - 06/15/23 14:02:02 EST ############################

2023/06/15 14:02:02 autossh[2293]: checking for grace period, tries = 0
2023/06/15 14:02:02 autossh[2293]: starting ssh (count 1)
2023/06/15 14:02:02 autossh[2293]: ssh child pid is 2297
2023/06/15 14:02:02 autossh[2293]: check on child 2297
2023/06/15 14:02:02 autossh[2293]: set alarm for 600 secs
2023/06/15 14:02:02 autossh[2297]: execing /usr/bin/ssh
2023/06/15 14:12:17 autossh[2293]: timeout polling to accept read connection
2023/06/15 14:12:17 autossh[2293]: port down, restarting ssh
2023/06/15 14:12:17 autossh[2293]: checking for grace period, tries = 0
2023/06/15 14:12:17 autossh[2293]: starting ssh (count 2)
2023/06/15 14:12:17 autossh[2293]: ssh child pid is 3002
2023/06/15 14:12:17 autossh[2293]: check on child 3002
2023/06/15 14:12:17 autossh[2293]: set alarm for 600 secs
2023/06/15 14:12:17 autossh[3002]: execing /usr/bin/ssh
2023/06/15 14:22:32 autossh[2293]: timeout polling to accept read connection
2023/06/15 14:22:32 autossh[2293]: port down, restarting ssh
2023/06/15 14:22:32 autossh[2293]: checking for grace period, tries = 0
2023/06/15 14:22:32 autossh[2293]: starting ssh (count 3)
2023/06/15 14:22:32 autossh[2293]: ssh child pid is 3399
2023/06/15 14:22:32 autossh[2293]: check on child 3399
2023/06/15 14:22:32 autossh[2293]: set alarm for 600 secs
2023/06/15 14:22:32 autossh[3399]: execing /usr/bin/ssh
2023/06/15 14:32:47 autossh[2293]: timeout polling to accept read connection
2023/06/15 14:32:47 autossh[2293]: port down, restarting ssh
2023/06/15 14:32:47 autossh[2293]: checking for grace period, tries = 0
2023/06/15 14:32:47 autossh[2293]: starting ssh (count 4)
2023/06/15 14:32:47 autossh[2293]: ssh child pid is 3816
2023/06/15 14:32:47 autossh[2293]: check on child 3816
2023/06/15 14:32:47 autossh[2293]: set alarm for 600 secs
2023/06/15 14:32:47 autossh[3816]: execing /usr/bin/ssh

############################ bjorn - 06/16/23 00:02:03 EST ############################

2023/06/16 00:02:03 autossh[2319]: checking for grace period, tries = 0
2023/06/16 00:02:03 autossh[2319]: starting ssh (count 1)
2023/06/16 00:02:03 autossh[2319]: ssh child pid is 2320
2023/06/16 00:02:03 autossh[2319]: check on child 2320
2023/06/16 00:02:03 autossh[2319]: set alarm for 600 secs
2023/06/16 00:02:03 autossh[2320]: execing /usr/bin/ssh
2023/06/16 00:10:33 autossh[2319]: check on child 2320
2023/06/16 00:10:33 autossh[2319]: set alarm for 90 secs
2023/06/16 00:10:33 autossh[2319]: check on child 2320
2023/06/16 00:10:33 autossh[2319]: ssh exited with status 0; autossh exiting
2023/06/16 00:10:33 autossh[2319]: expired child, returning 2

############################ bjorn - 06/16/23 08:02:01 EST ############################

2023/06/16 08:02:01 autossh[2219]: checking for grace period, tries = 0
2023/06/16 08:02:01 autossh[2219]: starting ssh (count 1)
2023/06/16 08:02:01 autossh[2219]: ssh child pid is 2221
2023/06/16 08:02:01 autossh[2219]: check on child 2221
2023/06/16 08:02:01 autossh[2219]: set alarm for 600 secs
2023/06/16 08:02:01 autossh[2221]: execing /usr/bin/ssh
2023/06/16 08:12:16 autossh[2219]: timeout polling to accept read connection
2023/06/16 08:12:16 autossh[2219]: port down, restarting ssh
2023/06/16 08:12:16 autossh[2219]: checking for grace period, tries = 0
2023/06/16 08:12:16 autossh[2219]: starting ssh (count 2)
2023/06/16 08:12:16 autossh[2219]: ssh child pid is 2871
2023/06/16 08:12:16 autossh[2219]: check on child 2871
2023/06/16 08:12:16 autossh[2219]: set alarm for 600 secs
2023/06/16 08:12:16 autossh[2871]: execing /usr/bin/ssh
2023/06/16 08:22:31 autossh[2219]: timeout polling to accept read connection
2023/06/16 08:22:31 autossh[2219]: port down, restarting ssh
2023/06/16 08:22:31 autossh[2219]: checking for grace period, tries = 0
2023/06/16 08:22:31 autossh[2219]: starting ssh (count 3)
2023/06/16 08:22:31 autossh[2219]: ssh child pid is 3218
2023/06/16 08:22:31 autossh[2219]: check on child 3218
2023/06/16 08:22:31 autossh[2219]: set alarm for 600 secs
2023/06/16 08:22:31 autossh[3218]: execing /usr/bin/ssh
2023/06/16 08:32:46 autossh[2219]: timeout polling to accept read connection
2023/06/16 08:32:46 autossh[2219]: port down, restarting ssh
2023/06/16 08:32:46 autossh[2219]: checking for grace period, tries = 0
2023/06/16 08:32:46 autossh[2219]: starting ssh (count 4)
2023/06/16 08:32:46 autossh[2219]: ssh child pid is 3535
2023/06/16 08:32:46 autossh[2219]: check on child 3535
2023/06/16 08:32:46 autossh[2219]: set alarm for 600 secs
2023/06/16 08:32:46 autossh[3535]: execing /usr/bin/ssh

############################ bjorn - 06/16/23 14:02:03 EST ############################

2023/06/16 14:02:03 autossh[2239]: checking for grace period, tries = 0
2023/06/16 14:02:03 autossh[2239]: starting ssh (count 1)
2023/06/16 14:02:03 autossh[2239]: ssh child pid is 2240
2023/06/16 14:02:03 autossh[2239]: check on child 2240
2023/06/16 14:02:03 autossh[2239]: set alarm for 600 secs
2023/06/16 14:02:03 autossh[2240]: execing /usr/bin/ssh
2023/06/16 14:12:18 autossh[2239]: timeout polling to accept read connection
2023/06/16 14:12:18 autossh[2239]: port down, restarting ssh
2023/06/16 14:12:18 autossh[2239]: checking for grace period, tries = 0
2023/06/16 14:12:18 autossh[2239]: starting ssh (count 2)
2023/06/16 14:12:18 autossh[2239]: ssh child pid is 2877
2023/06/16 14:12:18 autossh[2239]: check on child 2877
2023/06/16 14:12:18 autossh[2239]: set alarm for 600 secs
2023/06/16 14:12:18 autossh[2877]: execing /usr/bin/ssh
2023/06/16 14:22:33 autossh[2239]: timeout polling to accept read connection
2023/06/16 14:22:33 autossh[2239]: port down, restarting ssh
2023/06/16 14:22:33 autossh[2239]: checking for grace period, tries = 0
2023/06/16 14:22:33 autossh[2239]: starting ssh (count 3)
2023/06/16 14:22:33 autossh[2239]: ssh child pid is 3227
2023/06/16 14:22:33 autossh[2239]: check on child 3227
2023/06/16 14:22:33 autossh[2239]: set alarm for 600 secs
2023/06/16 14:22:33 autossh[3227]: execing /usr/bin/ssh
2023/06/16 14:32:33 autossh[2239]: not what I sent: "bjorn autossh 2239 260636341 
" : ""
2023/06/16 14:32:33 autossh[2239]: not what I sent: "bjorn autossh 2239 260636341 
" : ""
2023/06/16 14:32:33 autossh[2239]: tried connection 3 times and failed
2023/06/16 14:32:33 autossh[2239]: port down, restarting ssh
2023/06/16 14:32:33 autossh[2239]: checking for grace period, tries = 0
2023/06/16 14:32:33 autossh[2239]: starting ssh (count 4)
2023/06/16 14:32:33 autossh[2239]: ssh child pid is 3542
2023/06/16 14:32:33 autossh[2239]: check on child 3542
2023/06/16 14:32:33 autossh[2239]: set alarm for 600 secs
2023/06/16 14:32:33 autossh[3542]: execing /usr/bin/ssh

############################ bjorn - 06/17/23 00:02:03 EST ############################

2023/06/17 00:02:03 autossh[2208]: checking for grace period, tries = 0
2023/06/17 00:02:03 autossh[2208]: starting ssh (count 1)
2023/06/17 00:02:03 autossh[2208]: ssh child pid is 2209
2023/06/17 00:02:03 autossh[2208]: check on child 2209
2023/06/17 00:02:03 autossh[2208]: set alarm for 600 secs
2023/06/17 00:02:03 autossh[2209]: execing /usr/bin/ssh
2023/06/17 00:10:33 autossh[2208]: check on child 2209
2023/06/17 00:10:33 autossh[2208]: set alarm for 89 secs
2023/06/17 00:10:33 autossh[2208]: check on child 2209
2023/06/17 00:10:33 autossh[2208]: set alarm for 89 secs
2023/06/17 00:10:33 autossh[2208]: check on child 2209
2023/06/17 00:10:33 autossh[2208]: ssh exited with status 0; autossh exiting
2023/06/17 00:10:33 autossh[2208]: expired child, returning 2

############################ bjorn - 06/17/23 08:02:02 EST ############################

2023/06/17 08:02:02 autossh[2286]: checking for grace period, tries = 0
2023/06/17 08:02:02 autossh[2286]: starting ssh (count 1)
2023/06/17 08:02:02 autossh[2286]: ssh child pid is 2288
2023/06/17 08:02:02 autossh[2286]: check on child 2288
2023/06/17 08:02:02 autossh[2286]: set alarm for 600 secs
2023/06/17 08:02:02 autossh[2288]: execing /usr/bin/ssh
