
############################ diana2 - 06/22/23 11:27:15 EST -0500 ############################

Data:

On branch bvre-test-data
Your branch is up to date with 'origin/bvre-test-data'.

nothing to commit, working tree clean
Everything up-to-date

Logs:

[diana2-logs f5cbe1f] 06/22/23 11:27:15 EST -0500: Logs
 2 files changed, 19 insertions(+)
 create mode 100644 git-push.log
 create mode 100644 startup-notifier.log
To github.com:vahid-dan/BVRE-data.git
   9bba4e0..f5cbe1f  diana2-logs -> diana2-logs
[diana2-logs dbe2c08] 06/22/23 11:27:15 EST -0500: Logs
 1 file changed, 6 insertions(+)
To github.com:vahid-dan/BVRE-data.git
   f5cbe1f..dbe2c08  diana2-logs -> diana2-logs

Completed at 06/22/23 11:27:17 EST


############################ diana2 - 06/22/23 12:20:01 EST -0500 ############################

Data:

[bvre-test-data 6c40074] 06/22/23 12:20:01 EST -0500: Git Backup
 1 file changed, 1 insertion(+)
 create mode 120000 bvre-test-data
To github.com:vahid-dan/BVRE-data.git
   9bba4e0..6c40074  bvre-test-data -> bvre-test-data

Logs:

[diana2-logs ac14ff0] 06/22/23 12:20:01 EST -0500: Logs
 6 files changed, 181 insertions(+)
 create mode 100644 git-garbage-collector.log
 create mode 100644 ping-monitor-full.log
 create mode 100644 ping-monitor-stat.log
 create mode 100644 reverse-ssh.log
 create mode 100644 status-monitor.log
To github.com:vahid-dan/BVRE-data.git
   dbe2c08..ac14ff0  diana2-logs -> diana2-logs
