############################ bjorn - 08/01/20 00:05:01 EST ############################
fatal: not a git repository (or any of the parent directories): .git

############################ bjorn - 08/03/20 14:46:24 EST ############################


############################ bjorn - 08/03/20 14:53:22 EST ############################


############################ bjorn - 08/03/20 14:55:18 EST ############################


############################ bjorn - 08/03/20 14:58:09 EST ############################


############################ bjorn - 08/03/20 14:59:00 EST ############################


############################ bjorn - 08/03/20 15:00:21 EST ############################

/data/bvre-platform-data
done

############################ bjorn - 08/03/20 15:19:59 EST ############################

Already up to date.

############################ bjorn - 08/03/20 15:22:51 EST ############################

Already up to date.

############################ bjorn - 08/03/20 15:23:44 EST ############################


############################ bjorn - 08/05/20 12:42:59 EST ############################

############################ bjorn - 06/26/21 00:29:56 EST ############################
/dev/sda1        59G  4.2G   52G   8% /data
fatal: not a git repository (or any of the parent directories): .git
############################ bjorn - 06/26/21 00:31:40 EST ############################
/dev/sda1        59G  4.2G   52G   8% /data
############################ bjorn - 07/27/22 18:34:55 EST ############################
/dev/sda1        59G   27G   30G  48% /data
############################ bjorn - 07/28/22 18:30:57 EST ############################
/dev/sda1        59G   27G   29G  48% /data
############################ bjorn - 04/14/23 18:28:58 EST ############################
/dev/sda1        59G   49G  6.8G  88% /data
############################ bjorn - 06/14/23 10:01:28 EST ############################
/dev/sda1        59G   56G  132K 100% /data
############################ bjorn - 06/14/23 10:17:39 EST ############################
/dev/sda1        59G   56G     0 100% /data
fatal: unable to write new packed-refs: error closing file /data/bvre-platform-data/.git/packed-refs.new: No space left on device
error: failed to run pack-refs
fatal: unable to write new packed-refs: error closing file /data/bjorn-logs/.git/packed-refs.new: No space left on device
error: failed to run pack-refs
/dev/sda1        59G   56G     0 100% /data
############################ bjorn - 06/14/23 10:19:27 EST ############################
/dev/sda1        59G   56G     0 100% /data
fatal: unable to write new packed-refs: error closing file /data/bvre-platform-data/.git/packed-refs.new: No space left on device
error: failed to run pack-refs
fatal: unable to write new packed-refs: error closing file /data/bjorn-logs/.git/packed-refs.new: No space left on device
error: failed to run pack-refs
/dev/sda1        59G   56G     0 100% /data
############################ bjorn - 06/14/23 10:20:15 EST ############################
/dev/sda1        59G   56G     0 100% /data
fatal: unable to write new packed-refs: error closing file /data/bvre-platform-data/.git/packed-refs.new: No space left on device
error: failed to run pack-refs
fatal: unable to write new packed-refs: error closing file /data/bjorn-logs/.git/packed-refs.new: No space left on device
error: failed to run pack-refs
/dev/sda1        59G   56G     0 100% /data
############################ bjorn - 06/14/23 10:20:57 EST ############################
/dev/sda1        59G   56G   19M 100% /data
/dev/sda1        59G  371M   56G   1% /data
############################ bjorn - 06/14/23 13:48:11 EST ############################
/dev/sda1        59G  371M   56G   1% /data
/dev/sda1        59G  371M   56G   1% /data
############################ bjorn - 06/14/23 13:49:06 EST ############################
/dev/sda1        59G  371M   56G   1% /data
/dev/sda1        59G  371M   56G   1% /data
############################ bjorn - 06/15/23 00:06:02 EST ############################
/dev/sda1        59G  424M   56G   1% /data
/dev/sda1        59G  371M   56G   1% /data
############################ bjorn - 06/15/23 08:06:01 EST ############################
/dev/sda1        59G  398M   56G   1% /data
/dev/sda1        59G  371M   56G   1% /data
############################ bjorn - 06/15/23 14:06:02 EST ############################
/dev/sda1        59G  399M   56G   1% /data
/dev/sda1        59G  371M   56G   1% /data
############################ bjorn - 06/16/23 00:06:03 EST ############################
/dev/sda1        59G  398M   56G   1% /data
/dev/sda1        59G  371M   56G   1% /data
############################ bjorn - 06/16/23 08:06:01 EST ############################
/dev/sda1        59G  399M   56G   1% /data
/dev/sda1        59G  371M   56G   1% /data
############################ bjorn - 06/16/23 14:06:03 EST ############################
/dev/sda1        59G  399M   56G   1% /data
/dev/sda1        59G  371M   56G   1% /data
