
############## bjorn - 07/24/20 19:07:00 EST -0500 ##############

GitHub:

fatal: not a git repository (or any of the parent directories): .git
fatal: not a git repository (or any of the parent directories): .git
fatal: not a git repository (or any of the parent directories): .git
fatal: not a git repository (or any of the parent directories): .git


Gateway:

Warning: Permanently added the RSA host key for IP address '140.82.114.4' to the list of known hosts.
Already up to date.

*** Please tell me who you are.

Run

  git config --global user.email "you@example.com"
  git config --global user.name "Your Name"

to set your account's default identity.
Omit --global to set the identity only in this repository.

fatal: unable to auto-detect email address (got 'scc@bjorn.(none)')
Everything up-to-date

*** Please tell me who you are.

Run

  git config --global user.email "you@example.com"
  git config --global user.name "Your Name"

to set your account's default identity.
Omit --global to set the identity only in this repository.

fatal: unable to auto-detect email address (got 'scc@bjorn.(none)')
Everything up-to-date

############## bjorn - 07/24/20 19:07:54 EST -0500 ##############

GitHub:

fatal: not a git repository (or any of the parent directories): .git
fatal: not a git repository (or any of the parent directories): .git
fatal: not a git repository (or any of the parent directories): .git
fatal: not a git repository (or any of the parent directories): .git


Gateway:

Already up to date.
[bjorn-logs aa5eee2] 07/24/20 19:07:54 EST -0500: Logs
 2 files changed, 667 insertions(+)
 create mode 100644 git.log
 create mode 100644 monitor.log
To github.com:FLARE-forecast/BVRE-data.git
   4b4cf64..aa5eee2  bjorn-logs -> bjorn-logs
