
############################ bjorn - 07/24/20 18:33:50 EST -0500 ############################

 18:33:50 up  4:05,  1 user,  load average: 0.02, 0.03, 0.04


reboot   system boot  5.4.0-42-generic Fri Jul 24 14:28   still running
reboot   system boot  5.4.0-42-generic Fri Jul 24 11:27 - 14:28  (03:00)
reboot   system boot  5.4.0-42-generic Fri Jul 24 00:03 - 11:27  (11:24)
reboot   system boot  5.4.0-42-generic Thu Jul 23 20:13 - 00:02  (03:49)
reboot   system boot  5.4.0-42-generic Thu Jul 23 20:08 - 20:10  (00:02)






[   14.129577] wlp1s0: RX AssocResp from 60:d2:48:f5:51:5f (capab=0x931 status=0 aid=1)
[   14.140734] wlp1s0: associated
[   14.156253] wlp1s0: Limiting TX power to 30 (30 - 0) dBm as advertised by 60:d2:48:f5:51:5f
[   14.291025] IPv6: ADDRCONF(NETDEV_CHANGE): wlp1s0: link becomes ready
[   18.192869] rfkill: input handler disabled
[   19.519392] iTCO_vendor_support: vendor-support=0
[   19.525007] iTCO_wdt: Intel TCO WatchDog Timer Driver v1.11
[ 9965.199053] Bluetooth: RFCOMM TTY layer initialized
[ 9965.199064] Bluetooth: RFCOMM socket layer initialized
[ 9965.199078] Bluetooth: RFCOMM ver 1.11


Filesystem      Size  Used Avail Use% Mounted on
udev            1.9G     0  1.9G   0% /dev
tmpfs           376M  1.7M  375M   1% /run
/dev/mmcblk0p2   58G  7.4G   48G  14% /
tmpfs           1.9G     0  1.9G   0% /dev/shm
tmpfs           5.0M  4.0K  5.0M   1% /run/lock
tmpfs           1.9G     0  1.9G   0% /sys/fs/cgroup
/dev/loop1       55M   55M     0 100% /snap/core18/1880
/dev/loop0       55M   55M     0 100% /snap/core18/1705
/dev/loop2      241M  241M     0 100% /snap/gnome-3-34-1804/24
/dev/loop3      256M  256M     0 100% /snap/gnome-3-34-1804/36
/dev/loop4       63M   63M     0 100% /snap/gtk-common-themes/1506
/dev/loop5       50M   50M     0 100% /snap/snap-store/433
/dev/loop6       50M   50M     0 100% /snap/snap-store/467
/dev/loop7       28M   28M     0 100% /snap/snapd/7264
/dev/loop8       30M   30M     0 100% /snap/snapd/8542
/dev/sda1        59G   53M   56G   1% /data
/dev/mmcblk0p1  511M  7.8M  504M   2% /boot/efi
tmpfs           376M   24K  376M   1% /run/user/125
tmpfs           376M  8.0K  376M   1% /run/user/1000


IN-USE  BSSID              SSID                        MODE   CHAN  RATE        SIGNAL  BARS  SECURITY         
        3C:9A:77:EF:F1:AF  --                          Infra  6     130 Mbit/s  35      ▂▄__  WPA1 WPA2 802.1X 
        3C:9A:77:EF:F1:AA  Xfinity1                    Infra  6     130 Mbit/s  35      ▂▄__  WPA2             
        62:A2:22:D9:81:4F  --                          Infra  40    540 Mbit/s  35      ▂▄__  WPA2             
        04:A2:22:D9:81:4E  Fios-2gTCf                  Infra  40    540 Mbit/s  35      ▂▄__  WPA2             
*       60:D2:48:F5:51:5F  ARRIS-0B1D-5G               Infra  157   540 Mbit/s  35      ▂▄__  WPA2             
        3C:9A:77:EF:F1:B2  Xfinity1                    Infra  157   540 Mbit/s  35      ▂▄__  WPA2             
        3C:9A:77:EF:F1:B5  --                          Infra  157   540 Mbit/s  35      ▂▄__  WPA2             
        42:86:8C:DC:30:BD  XFINITY                     Infra  157   405 Mbit/s  35      ▂▄__  WPA2 802.1X      
        52:86:8C:DC:30:BD  --                          Infra  157   405 Mbit/s  35      ▂▄__  WPA1 WPA2 802.1X 
        10:86:8C:DC:30:BD  Home3329                    Infra  157   405 Mbit/s  35      ▂▄__  WPA2             
        32:86:8C:DC:30:BD  --                          Infra  157   405 Mbit/s  35      ▂▄__  WPA1 WPA2        
        04:A2:22:D9:81:4C  Fios-2gTCf                  Infra  11    540 Mbit/s  32      ▂▄__  WPA2             
        60:D2:48:F5:51:5E  ARRIS-0B1D                  Infra  1     405 Mbit/s  29      ▂___  WPA2             
        58:20:B1:3C:FE:C2  HP-Print-C2-Officejet 4630  Infra  1     54 Mbit/s   29      ▂___  WPA2             
        14:59:C0:97:86:CA  NETGEAR23                   Infra  11    54 Mbit/s   29      ▂___  WPA2             






enp2s0:


● watchdog.service - watchdog daemon
     Loaded: loaded (/lib/systemd/system/watchdog.service; enabled; vendor preset: enabled)
     Active: active (running) since Fri 2020-07-24 14:28:59 EST; 4h 4min ago
    Process: 1289 ExecStartPre=/bin/sh -c [ -z "${watchdog_module}" ] || [ "${watchdog_module}" = "none" ] || /sbin/modprobe $watchdog_module (code=exited, status=0/SUCCESS)
    Process: 1292 ExecStart=/bin/sh -c [ $run_watchdog != 1 ] || exec /usr/sbin/watchdog $watchdog_options (code=exited, status=0/SUCCESS)
   Main PID: 1294 (watchdog)
      Tasks: 1 (limit: 4444)
     Memory: 1.1M
     CGroup: /system.slice/watchdog.service
             └─1294 /usr/sbin/watchdog

Jul 24 14:28:59 bjorn watchdog[1294]: pidfile: no server process to check
Jul 24 14:28:59 bjorn watchdog[1294]: interface: no interface to check
Jul 24 14:28:59 bjorn watchdog[1294]: temperature: no sensors to check
Jul 24 14:28:59 bjorn watchdog[1294]: no test binary files
Jul 24 14:28:59 bjorn watchdog[1294]: no repair binary files
Jul 24 14:28:59 bjorn watchdog[1294]: error retry time-out = 60 seconds
Jul 24 14:28:59 bjorn watchdog[1294]: repair attempts = 1
Jul 24 14:28:59 bjorn watchdog[1294]: alive=/dev/watchdog heartbeat=[none] to=root no_act=no force=no
Jul 24 14:28:59 bjorn watchdog[1294]: cannot open /dev/watchdog (errno = 2 = 'No such file or directory')
Jul 24 14:28:59 bjorn systemd[1]: Started watchdog daemon.


Unit ipopTincan.service could not be found.


Unit ipopController.service could not be found.


PING 8.8.8.8 (8.8.8.8) 56(84) bytes of data.
64 bytes from 8.8.8.8: icmp_seq=1 ttl=115 time=17.4 ms
64 bytes from 8.8.8.8: icmp_seq=2 ttl=115 time=15.8 ms
64 bytes from 8.8.8.8: icmp_seq=3 ttl=115 time=12.7 ms

--- 8.8.8.8 ping statistics ---
3 packets transmitted, 3 received, 0% packet loss, time 2004ms
rtt min/avg/max/mdev = 12.714/15.306/17.443/1.957 ms


PING 192.168.10.2 (192.168.10.2) 56(84) bytes of data.

--- 192.168.10.2 ping statistics ---
3 packets transmitted, 0 received, 100% packet loss, time 2028ms



PING 192.168.10.11 (192.168.10.11) 56(84) bytes of data.

--- 192.168.10.11 ping statistics ---
3 packets transmitted, 0 received, 100% packet loss, time 2053ms



PING 192.168.10.12 (192.168.10.12) 56(84) bytes of data.

--- 192.168.10.12 ping statistics ---
3 packets transmitted, 0 received, 100% packet loss, time 2054ms



PING 192.168.10.13 (192.168.10.13) 56(84) bytes of data.

--- 192.168.10.13 ping statistics ---
3 packets transmitted, 0 received, 100% packet loss, time 2053ms



PING github.com (140.82.113.3) 56(84) bytes of data.
64 bytes from lb-140-82-113-3-iad.github.com (140.82.113.3): icmp_seq=1 ttl=52 time=19.6 ms
64 bytes from lb-140-82-113-3-iad.github.com (140.82.113.3): icmp_seq=2 ttl=52 time=20.4 ms
64 bytes from lb-140-82-113-3-iad.github.com (140.82.113.3): icmp_seq=3 ttl=52 time=16.8 ms

--- github.com ping statistics ---
3 packets transmitted, 3 received, 0% packet loss, time 2003ms
rtt min/avg/max/mdev = 16.763/18.921/20.369/1.555 ms

############################ bjorn - 07/24/20 18:45:07 EST -0500 ############################

 18:45:07 up  4:16,  1 user,  load average: 0.35, 0.16, 0.09


reboot   system boot  5.4.0-42-generic Fri Jul 24 14:28   still running
reboot   system boot  5.4.0-42-generic Fri Jul 24 11:27 - 14:28  (03:00)
reboot   system boot  5.4.0-42-generic Fri Jul 24 00:03 - 11:27  (11:24)
reboot   system boot  5.4.0-42-generic Thu Jul 23 20:13 - 00:02  (03:49)
reboot   system boot  5.4.0-42-generic Thu Jul 23 20:08 - 20:10  (00:02)






[   14.129577] wlp1s0: RX AssocResp from 60:d2:48:f5:51:5f (capab=0x931 status=0 aid=1)
[   14.140734] wlp1s0: associated
[   14.156253] wlp1s0: Limiting TX power to 30 (30 - 0) dBm as advertised by 60:d2:48:f5:51:5f
[   14.291025] IPv6: ADDRCONF(NETDEV_CHANGE): wlp1s0: link becomes ready
[   18.192869] rfkill: input handler disabled
[   19.519392] iTCO_vendor_support: vendor-support=0
[   19.525007] iTCO_wdt: Intel TCO WatchDog Timer Driver v1.11
[ 9965.199053] Bluetooth: RFCOMM TTY layer initialized
[ 9965.199064] Bluetooth: RFCOMM socket layer initialized
[ 9965.199078] Bluetooth: RFCOMM ver 1.11


Filesystem      Size  Used Avail Use% Mounted on
/dev/mmcblk0p2   58G  7.4G   48G  14% /
/dev/mmcblk0p1  511M  7.8M  504M   2% /boot/efi
/dev/sda1        59G   53M   56G   1% /data


IN-USE  BSSID              SSID                        MODE   CHAN  RATE        SIGNAL  BARS  SECURITY         
        72:A2:22:D9:81:4F  --                          Infra  153   540 Mbit/s  40      ▂▄__  WPA2             
*       60:D2:48:F5:51:5F  ARRIS-0B1D-5G               Infra  157   540 Mbit/s  37      ▂▄__  WPA2             
        AE:63:BE:8E:0A:CD  --                          Infra  1     130 Mbit/s  35      ▂▄__  WPA2             
        3C:9A:77:EF:F1:AA  Xfinity1                    Infra  6     130 Mbit/s  35      ▂▄__  WPA2             
        3C:9A:77:EF:F1:AF  --                          Infra  6     130 Mbit/s  35      ▂▄__  WPA1 WPA2 802.1X 
        62:A2:22:D9:81:4F  --                          Infra  40    540 Mbit/s  35      ▂▄__  WPA2             
        04:A2:22:D9:81:4E  Fios-2gTCf                  Infra  40    540 Mbit/s  35      ▂▄__  WPA2             
        18:78:D4:18:A0:10  Fios-P51XD-5G               Infra  132   405 Mbit/s  35      ▂▄__  WPA2             
        1A:78:D4:18:A0:11  --                          Infra  132   405 Mbit/s  35      ▂▄__  WPA2             
        B8:F8:53:16:BA:FD  Fios-BsLS6                  Infra  153   540 Mbit/s  35      ▂▄__  WPA2             
        6A:F8:53:16:BA:FE  --                          Infra  153   540 Mbit/s  35      ▂▄__  WPA2             
        3C:9A:77:EF:F1:B5  --                          Infra  157   540 Mbit/s  35      ▂▄__  WPA2             
        3C:9A:77:EF:F1:B7  --                          Infra  157   540 Mbit/s  35      ▂▄__  WPA1 WPA2 802.1X 
        10:86:8C:DC:30:BD  Home3329                    Infra  157   405 Mbit/s  35      ▂▄__  WPA2             
        60:D2:48:F5:51:5E  ARRIS-0B1D                  Infra  1     405 Mbit/s  29      ▂___  WPA2             
        EC:A9:40:36:BC:47  ARRIS-1B49                  Infra  1     405 Mbit/s  29      ▂___  WPA2             
        58:20:B1:3C:FE:C2  HP-Print-C2-Officejet 4630  Infra  1     54 Mbit/s   29      ▂___  WPA2             
        04:A2:22:D9:81:4C  Fios-2gTCf                  Infra  11    540 Mbit/s  29      ▂___  WPA2             
        14:59:C0:97:86:CA  NETGEAR23                   Infra  11    54 Mbit/s   29      ▂___  WPA2             






enp2s0:


● watchdog.service - watchdog daemon
     Loaded: loaded (/lib/systemd/system/watchdog.service; enabled; vendor preset: enabled)
     Active: active (running) since Fri 2020-07-24 14:28:59 EST; 4h 16min ago
    Process: 1289 ExecStartPre=/bin/sh -c [ -z "${watchdog_module}" ] || [ "${watchdog_module}" = "none" ] || /sbin/modprobe $watchdog_module (code=exited, status=0/SUCCESS)
    Process: 1292 ExecStart=/bin/sh -c [ $run_watchdog != 1 ] || exec /usr/sbin/watchdog $watchdog_options (code=exited, status=0/SUCCESS)
   Main PID: 1294 (watchdog)
      Tasks: 1 (limit: 4444)
     Memory: 1.1M
     CGroup: /system.slice/watchdog.service
             └─1294 /usr/sbin/watchdog

Jul 24 14:28:59 bjorn watchdog[1294]: pidfile: no server process to check
Jul 24 14:28:59 bjorn watchdog[1294]: interface: no interface to check
Jul 24 14:28:59 bjorn watchdog[1294]: temperature: no sensors to check
Jul 24 14:28:59 bjorn watchdog[1294]: no test binary files
Jul 24 14:28:59 bjorn watchdog[1294]: no repair binary files
Jul 24 14:28:59 bjorn watchdog[1294]: error retry time-out = 60 seconds
Jul 24 14:28:59 bjorn watchdog[1294]: repair attempts = 1
Jul 24 14:28:59 bjorn watchdog[1294]: alive=/dev/watchdog heartbeat=[none] to=root no_act=no force=no
Jul 24 14:28:59 bjorn watchdog[1294]: cannot open /dev/watchdog (errno = 2 = 'No such file or directory')
Jul 24 14:28:59 bjorn systemd[1]: Started watchdog daemon.


Unit ipopTincan.service could not be found.


Unit ipopController.service could not be found.


PING 8.8.8.8 (8.8.8.8) 56(84) bytes of data.
64 bytes from 8.8.8.8: icmp_seq=1 ttl=115 time=15.5 ms
64 bytes from 8.8.8.8: icmp_seq=2 ttl=115 time=16.6 ms
64 bytes from 8.8.8.8: icmp_seq=3 ttl=115 time=13.5 ms

--- 8.8.8.8 ping statistics ---
3 packets transmitted, 3 received, 0% packet loss, time 2003ms
rtt min/avg/max/mdev = 13.503/15.203/16.626/1.290 ms


PING 192.168.10.2 (192.168.10.2) 56(84) bytes of data.

--- 192.168.10.2 ping statistics ---
3 packets transmitted, 0 received, 100% packet loss, time 2053ms



PING 192.168.10.11 (192.168.10.11) 56(84) bytes of data.

--- 192.168.10.11 ping statistics ---
3 packets transmitted, 0 received, 100% packet loss, time 2054ms



PING 192.168.10.12 (192.168.10.12) 56(84) bytes of data.

--- 192.168.10.12 ping statistics ---
3 packets transmitted, 0 received, 100% packet loss, time 2054ms



PING 192.168.10.13 (192.168.10.13) 56(84) bytes of data.

--- 192.168.10.13 ping statistics ---
3 packets transmitted, 0 received, 100% packet loss, time 2054ms



PING github.com (140.82.112.3) 56(84) bytes of data.
64 bytes from lb-140-82-112-3-iad.github.com (140.82.112.3): icmp_seq=1 ttl=52 time=22.1 ms
64 bytes from lb-140-82-112-3-iad.github.com (140.82.112.3): icmp_seq=2 ttl=52 time=19.2 ms
64 bytes from lb-140-82-112-3-iad.github.com (140.82.112.3): icmp_seq=3 ttl=52 time=18.0 ms

--- github.com ping statistics ---
3 packets transmitted, 3 received, 0% packet loss, time 2002ms
rtt min/avg/max/mdev = 18.018/19.751/22.083/1.712 ms

############################ bjorn - 07/24/20 18:53:28 EST -0500 ############################

 18:53:28 up  4:24,  1 user,  load average: 0.14, 0.08, 0.07


reboot   system boot  5.4.0-42-generic Fri Jul 24 14:28   still running
reboot   system boot  5.4.0-42-generic Fri Jul 24 11:27 - 14:28  (03:00)
reboot   system boot  5.4.0-42-generic Fri Jul 24 00:03 - 11:27  (11:24)
reboot   system boot  5.4.0-42-generic Thu Jul 23 20:13 - 00:02  (03:49)
reboot   system boot  5.4.0-42-generic Thu Jul 23 20:08 - 20:10  (00:02)






[   14.129577] wlp1s0: RX AssocResp from 60:d2:48:f5:51:5f (capab=0x931 status=0 aid=1)
[   14.140734] wlp1s0: associated
[   14.156253] wlp1s0: Limiting TX power to 30 (30 - 0) dBm as advertised by 60:d2:48:f5:51:5f
[   14.291025] IPv6: ADDRCONF(NETDEV_CHANGE): wlp1s0: link becomes ready
[   18.192869] rfkill: input handler disabled
[   19.519392] iTCO_vendor_support: vendor-support=0
[   19.525007] iTCO_wdt: Intel TCO WatchDog Timer Driver v1.11
[ 9965.199053] Bluetooth: RFCOMM TTY layer initialized
[ 9965.199064] Bluetooth: RFCOMM socket layer initialized
[ 9965.199078] Bluetooth: RFCOMM ver 1.11


Filesystem      Size  Used Avail Use% Mounted on
/dev/mmcblk0p2   58G  7.4G   48G  14% /
/dev/mmcblk0p1  511M  7.8M  504M   2% /boot/efi
/dev/sda1        59G   53M   56G   1% /data


IN-USE  BSSID              SSID                        MODE   CHAN  RATE        SIGNAL  BARS  SECURITY         
        AE:63:BE:8E:0A:CD  --                          Infra  1     130 Mbit/s  35      ▂▄__  WPA2             
        3C:9A:77:EF:F1:AF  --                          Infra  6     130 Mbit/s  35      ▂▄__  WPA1 WPA2 802.1X 
        3C:9A:77:EF:F1:AA  Xfinity1                    Infra  6     130 Mbit/s  35      ▂▄__  WPA2             
        3C:9A:77:EF:F1:AD  --                          Infra  6     130 Mbit/s  35      ▂▄__  WPA2             
        04:A2:22:D9:81:4E  Fios-2gTCf                  Infra  40    540 Mbit/s  35      ▂▄__  WPA2             
        62:A2:22:D9:81:4F  --                          Infra  40    540 Mbit/s  35      ▂▄__  WPA2             
*       60:D2:48:F5:51:5F  ARRIS-0B1D-5G               Infra  157   540 Mbit/s  35      ▂▄__  WPA2             
        3C:9A:77:EF:F1:B4  xfinitywifi                 Infra  157   540 Mbit/s  35      ▂▄__  --               
        3C:9A:77:EF:F1:B5  --                          Infra  157   540 Mbit/s  35      ▂▄__  WPA2             
        42:86:8C:DC:30:BD  XFINITY                     Infra  157   405 Mbit/s  35      ▂▄__  WPA2 802.1X      
        60:D2:48:F5:51:5E  ARRIS-0B1D                  Infra  1     405 Mbit/s  34      ▂▄__  WPA2             
        EC:A9:40:36:BC:47  ARRIS-1B49                  Infra  1     405 Mbit/s  29      ▂___  WPA2             
        58:20:B1:3C:FE:C2  HP-Print-C2-Officejet 4630  Infra  1     54 Mbit/s   29      ▂___  WPA2             
        14:59:C0:97:86:CA  NETGEAR23                   Infra  11    54 Mbit/s   29      ▂___  WPA2             






enp2s0:


● watchdog.service - watchdog daemon
     Loaded: loaded (/lib/systemd/system/watchdog.service; enabled; vendor preset: enabled)
     Active: active (running) since Fri 2020-07-24 14:28:59 EST; 4h 24min ago
    Process: 1289 ExecStartPre=/bin/sh -c [ -z "${watchdog_module}" ] || [ "${watchdog_module}" = "none" ] || /sbin/modprobe $watchdog_module (code=exited, status=0/SUCCESS)
    Process: 1292 ExecStart=/bin/sh -c [ $run_watchdog != 1 ] || exec /usr/sbin/watchdog $watchdog_options (code=exited, status=0/SUCCESS)
   Main PID: 1294 (watchdog)
      Tasks: 1 (limit: 4444)
     Memory: 1.1M
     CGroup: /system.slice/watchdog.service
             └─1294 /usr/sbin/watchdog

Jul 24 14:28:59 bjorn watchdog[1294]: pidfile: no server process to check
Jul 24 14:28:59 bjorn watchdog[1294]: interface: no interface to check
Jul 24 14:28:59 bjorn watchdog[1294]: temperature: no sensors to check
Jul 24 14:28:59 bjorn watchdog[1294]: no test binary files
Jul 24 14:28:59 bjorn watchdog[1294]: no repair binary files
Jul 24 14:28:59 bjorn watchdog[1294]: error retry time-out = 60 seconds
Jul 24 14:28:59 bjorn watchdog[1294]: repair attempts = 1
Jul 24 14:28:59 bjorn watchdog[1294]: alive=/dev/watchdog heartbeat=[none] to=root no_act=no force=no
Jul 24 14:28:59 bjorn watchdog[1294]: cannot open /dev/watchdog (errno = 2 = 'No such file or directory')
Jul 24 14:28:59 bjorn systemd[1]: Started watchdog daemon.


Unit ipopTincan.service could not be found.


Unit ipopController.service could not be found.


PING 192.168.10.2 (192.168.10.2) 56(84) bytes of data.

--- 192.168.10.2 ping statistics ---
3 packets transmitted, 0 received, 100% packet loss, time 2027ms


PING 192.168.10.11 (192.168.10.11) 56(84) bytes of data.

--- 192.168.10.11 ping statistics ---
3 packets transmitted, 0 received, 100% packet loss, time 2054ms


PING 192.168.10.12 (192.168.10.12) 56(84) bytes of data.

--- 192.168.10.12 ping statistics ---
3 packets transmitted, 0 received, 100% packet loss, time 2053ms


PING 192.168.10.13 (192.168.10.13) 56(84) bytes of data.

--- 192.168.10.13 ping statistics ---
3 packets transmitted, 0 received, 100% packet loss, time 2053ms


PING github.com (140.82.112.3) 56(84) bytes of data.
64 bytes from lb-140-82-112-3-iad.github.com (140.82.112.3): icmp_seq=1 ttl=52 time=21.0 ms
64 bytes from lb-140-82-112-3-iad.github.com (140.82.112.3): icmp_seq=2 ttl=52 time=92.8 ms
64 bytes from lb-140-82-112-3-iad.github.com (140.82.112.3): icmp_seq=3 ttl=52 time=19.4 ms


PING 8.8.8.8 (8.8.8.8) 56(84) bytes of data.
64 bytes from 8.8.8.8: icmp_seq=1 ttl=115 time=21.8 ms
64 bytes from 8.8.8.8: icmp_seq=2 ttl=115 time=18.0 ms
64 bytes from 8.8.8.8: icmp_seq=3 ttl=115 time=21.4 ms

############################ bjorn - 07/24/20 18:56:31 EST -0500 ############################

 18:56:31 up  4:27,  1 user,  load average: 0.01, 0.05, 0.06


reboot   system boot  5.4.0-42-generic Fri Jul 24 14:28   still running
reboot   system boot  5.4.0-42-generic Fri Jul 24 11:27 - 14:28  (03:00)
reboot   system boot  5.4.0-42-generic Fri Jul 24 00:03 - 11:27  (11:24)
reboot   system boot  5.4.0-42-generic Thu Jul 23 20:13 - 00:02  (03:49)
reboot   system boot  5.4.0-42-generic Thu Jul 23 20:08 - 20:10  (00:02)






[   14.129577] wlp1s0: RX AssocResp from 60:d2:48:f5:51:5f (capab=0x931 status=0 aid=1)
[   14.140734] wlp1s0: associated
[   14.156253] wlp1s0: Limiting TX power to 30 (30 - 0) dBm as advertised by 60:d2:48:f5:51:5f
[   14.291025] IPv6: ADDRCONF(NETDEV_CHANGE): wlp1s0: link becomes ready
[   18.192869] rfkill: input handler disabled
[   19.519392] iTCO_vendor_support: vendor-support=0
[   19.525007] iTCO_wdt: Intel TCO WatchDog Timer Driver v1.11
[ 9965.199053] Bluetooth: RFCOMM TTY layer initialized
[ 9965.199064] Bluetooth: RFCOMM socket layer initialized
[ 9965.199078] Bluetooth: RFCOMM ver 1.11


Filesystem      Size  Used Avail Use% Mounted on
/dev/mmcblk0p2   58G  7.4G   48G  14% /
/dev/mmcblk0p1  511M  7.8M  504M   2% /boot/efi
/dev/sda1        59G   53M   56G   1% /data


IN-USE  BSSID              SSID                        MODE   CHAN  RATE        SIGNAL  BARS  SECURITY         
        04:A2:22:D9:81:4C  Fios-2gTCf                  Infra  11    540 Mbit/s  40      ▂▄__  WPA2             
*       60:D2:48:F5:51:5F  ARRIS-0B1D-5G               Infra  157   540 Mbit/s  37      ▂▄__  WPA2             
        3C:9A:77:EF:F1:AF  --                          Infra  6     130 Mbit/s  35      ▂▄__  WPA1 WPA2 802.1X 
        3C:9A:77:EF:F1:AA  Xfinity1                    Infra  6     130 Mbit/s  35      ▂▄__  WPA2             
        3C:9A:77:EF:F1:AC  xfinitywifi                 Infra  6     130 Mbit/s  35      ▂▄__  --               
        3C:9A:77:EF:F1:AD  --                          Infra  6     130 Mbit/s  35      ▂▄__  WPA2             
        04:A2:22:D9:81:4E  Fios-2gTCf                  Infra  40    540 Mbit/s  35      ▂▄__  WPA2             
        62:A2:22:D9:81:4F  --                          Infra  40    540 Mbit/s  35      ▂▄__  WPA2             
        18:78:D4:18:A0:10  Fios-P51XD-5G               Infra  132   405 Mbit/s  35      ▂▄__  WPA2             
        3C:9A:77:EF:F1:B4  xfinitywifi                 Infra  157   540 Mbit/s  35      ▂▄__  --               
        3C:9A:77:EF:F1:B5  --                          Infra  157   540 Mbit/s  35      ▂▄__  WPA2             
        42:86:8C:DC:30:BD  XFINITY                     Infra  157   405 Mbit/s  35      ▂▄__  WPA2 802.1X      
        60:D2:48:F5:51:5E  ARRIS-0B1D                  Infra  1     405 Mbit/s  34      ▂▄__  WPA2             
        EC:A9:40:36:BC:47  ARRIS-1B49                  Infra  1     405 Mbit/s  29      ▂___  WPA2             
        58:20:B1:3C:FE:C2  HP-Print-C2-Officejet 4630  Infra  1     54 Mbit/s   29      ▂___  WPA2             
        14:59:C0:97:86:CA  NETGEAR23                   Infra  11    54 Mbit/s   29      ▂___  WPA2             






enp2s0:


PING 192.168.10.2 (192.168.10.2) 56(84) bytes of data.

--- 192.168.10.2 ping statistics ---
3 packets transmitted, 0 received, 100% packet loss, time 2031ms


PING 192.168.10.11 (192.168.10.11) 56(84) bytes of data.

--- 192.168.10.11 ping statistics ---
3 packets transmitted, 0 received, 100% packet loss, time 2055ms


PING 192.168.10.12 (192.168.10.12) 56(84) bytes of data.

--- 192.168.10.12 ping statistics ---
3 packets transmitted, 0 received, 100% packet loss, time 2025ms


PING 192.168.10.13 (192.168.10.13) 56(84) bytes of data.

--- 192.168.10.13 ping statistics ---
3 packets transmitted, 0 received, 100% packet loss, time 2053ms


PING github.com (140.82.113.3) 56(84) bytes of data.
64 bytes from lb-140-82-113-3-iad.github.com (140.82.113.3): icmp_seq=1 ttl=52 time=19.2 ms
64 bytes from lb-140-82-113-3-iad.github.com (140.82.113.3): icmp_seq=2 ttl=52 time=28.4 ms
64 bytes from lb-140-82-113-3-iad.github.com (140.82.113.3): icmp_seq=3 ttl=52 time=19.0 ms


PING 8.8.8.8 (8.8.8.8) 56(84) bytes of data.
64 bytes from 8.8.8.8: icmp_seq=1 ttl=115 time=16.8 ms
64 bytes from 8.8.8.8: icmp_seq=2 ttl=115 time=16.5 ms
64 bytes from 8.8.8.8: icmp_seq=3 ttl=115 time=16.3 ms

############################ bjorn - 07/24/20 19:01:02 EST -0500 ############################

 19:01:02 up  4:32,  1 user,  load average: 0.06, 0.06, 0.06


reboot   system boot  5.4.0-42-generic Fri Jul 24 14:28   still running
reboot   system boot  5.4.0-42-generic Fri Jul 24 11:27 - 14:28  (03:00)
reboot   system boot  5.4.0-42-generic Fri Jul 24 00:03 - 11:27  (11:24)
reboot   system boot  5.4.0-42-generic Thu Jul 23 20:13 - 00:02  (03:49)
reboot   system boot  5.4.0-42-generic Thu Jul 23 20:08 - 20:10  (00:02)






[   14.129577] wlp1s0: RX AssocResp from 60:d2:48:f5:51:5f (capab=0x931 status=0 aid=1)
[   14.140734] wlp1s0: associated
[   14.156253] wlp1s0: Limiting TX power to 30 (30 - 0) dBm as advertised by 60:d2:48:f5:51:5f
[   14.291025] IPv6: ADDRCONF(NETDEV_CHANGE): wlp1s0: link becomes ready
[   18.192869] rfkill: input handler disabled
[   19.519392] iTCO_vendor_support: vendor-support=0
[   19.525007] iTCO_wdt: Intel TCO WatchDog Timer Driver v1.11
[ 9965.199053] Bluetooth: RFCOMM TTY layer initialized
[ 9965.199064] Bluetooth: RFCOMM socket layer initialized
[ 9965.199078] Bluetooth: RFCOMM ver 1.11


Filesystem      Size  Used Avail Use% Mounted on
/dev/mmcblk0p2   58G  7.4G   48G  14% /
/dev/mmcblk0p1  511M  7.8M  504M   2% /boot/efi
/dev/sda1        59G   53M   56G   1% /data


IN-USE  BSSID              SSID                        MODE   CHAN  RATE        SIGNAL  BARS  SECURITY         
        AE:63:BE:8E:0A:CD  --                          Infra  1     130 Mbit/s  35      ▂▄__  WPA2             
        3C:9A:77:EF:F1:AF  --                          Infra  6     130 Mbit/s  35      ▂▄__  WPA1 WPA2 802.1X 
        3C:9A:77:EF:F1:AA  Xfinity1                    Infra  6     130 Mbit/s  35      ▂▄__  WPA2             
        14:59:C0:97:86:CA  NETGEAR23                   Infra  11    54 Mbit/s   35      ▂▄__  WPA2             
        1A:78:D4:18:A0:11  --                          Infra  132   405 Mbit/s  35      ▂▄__  WPA2             
        6A:F8:53:16:BA:FE  --                          Infra  153   540 Mbit/s  35      ▂▄__  WPA2             
        B8:F8:53:16:BA:FD  Fios-BsLS6                  Infra  153   540 Mbit/s  35      ▂▄__  WPA2             
*       60:D2:48:F5:51:5F  ARRIS-0B1D-5G               Infra  157   540 Mbit/s  35      ▂▄__  WPA2             
        3C:9A:77:EF:F1:B4  xfinitywifi                 Infra  157   540 Mbit/s  35      ▂▄__  --               
        52:86:8C:DC:30:BD  --                          Infra  157   405 Mbit/s  35      ▂▄__  WPA1 WPA2 802.1X 
        42:86:8C:DC:30:BD  XFINITY                     Infra  157   405 Mbit/s  35      ▂▄__  WPA2 802.1X      
        60:D2:48:F5:51:5E  ARRIS-0B1D                  Infra  1     405 Mbit/s  29      ▂___  WPA2             
        EC:A9:40:36:BC:47  ARRIS-1B49                  Infra  1     405 Mbit/s  29      ▂___  WPA2             
        58:20:B1:3C:FE:C2  HP-Print-C2-Officejet 4630  Infra  1     54 Mbit/s   29      ▂___  WPA2             






enp2s0:


PING 192.168.10.2 (192.168.10.2) 56(84) bytes of data.

--- 192.168.10.2 ping statistics ---
3 packets transmitted, 0 received, 100% packet loss, time 2035ms



PING 192.168.10.11 (192.168.10.11) 56(84) bytes of data.

--- 192.168.10.11 ping statistics ---
3 packets transmitted, 0 received, 100% packet loss, time 2054ms



PING 192.168.10.12 (192.168.10.12) 56(84) bytes of data.

--- 192.168.10.12 ping statistics ---
3 packets transmitted, 0 received, 100% packet loss, time 2054ms



PING 192.168.10.13 (192.168.10.13) 56(84) bytes of data.

--- 192.168.10.13 ping statistics ---
3 packets transmitted, 0 received, 100% packet loss, time 2054ms



PING github.com (140.82.113.3) 56(84) bytes of data.
64 bytes from lb-140-82-113-3-iad.github.com (140.82.113.3): icmp_seq=1 ttl=52 time=26.5 ms
64 bytes from lb-140-82-113-3-iad.github.com (140.82.113.3): icmp_seq=2 ttl=52 time=22.6 ms
64 bytes from lb-140-82-113-3-iad.github.com (140.82.113.3): icmp_seq=3 ttl=52 time=22.3 ms

--- github.com ping statistics ---
3 packets transmitted, 3 received, 0% packet loss, time 2003ms
rtt min/avg/max/mdev = 22.318/23.817/26.522/1.916 ms


PING 8.8.8.8 (8.8.8.8) 56(84) bytes of data.
64 bytes from 8.8.8.8: icmp_seq=1 ttl=115 time=17.4 ms
64 bytes from 8.8.8.8: icmp_seq=2 ttl=115 time=15.2 ms
64 bytes from 8.8.8.8: icmp_seq=3 ttl=115 time=13.6 ms

--- 8.8.8.8 ping statistics ---
3 packets transmitted, 3 received, 0% packet loss, time 2003ms
rtt min/avg/max/mdev = 13.554/15.371/17.397/1.575 ms

############################ bjorn - 07/25/20 00:00:01 EDT -0400 ############################

 00:00:01 up  8:31,  1 user,  load average: 0.05, 0.02, 0.00


reboot   system boot  5.4.0-42-generic Fri Jul 24 15:28   still running
reboot   system boot  5.4.0-42-generic Fri Jul 24 12:27 - 15:28  (03:00)
reboot   system boot  5.4.0-42-generic Fri Jul 24 01:03 - 12:27  (11:24)
reboot   system boot  5.4.0-42-generic Thu Jul 23 21:13 - 01:02  (03:49)
reboot   system boot  5.4.0-42-generic Thu Jul 23 21:08 - 21:10  (00:02)






[   14.156253] wlp1s0: Limiting TX power to 30 (30 - 0) dBm as advertised by 60:d2:48:f5:51:5f
[   14.291025] IPv6: ADDRCONF(NETDEV_CHANGE): wlp1s0: link becomes ready
[   18.192869] rfkill: input handler disabled
[   19.519392] iTCO_vendor_support: vendor-support=0
[   19.525007] iTCO_wdt: Intel TCO WatchDog Timer Driver v1.11
[ 9965.199053] Bluetooth: RFCOMM TTY layer initialized
[ 9965.199064] Bluetooth: RFCOMM socket layer initialized
[ 9965.199078] Bluetooth: RFCOMM ver 1.11
[17710.726863] rfkill: input handler enabled
[17716.515284] rfkill: input handler disabled


Filesystem      Size  Used Avail Use% Mounted on
/dev/mmcblk0p2   58G  7.4G   48G  14% /
/dev/mmcblk0p1  511M  7.8M  504M   2% /boot/efi
/dev/sda1        59G   53M   56G   1% /data


IN-USE  BSSID              SSID                        MODE   CHAN  RATE        SIGNAL  BARS  SECURITY         
*       60:D2:48:F5:51:5F  ARRIS-0B1D-5G               Infra  157   540 Mbit/s  37      ▂▄__  WPA2             
        3C:9A:77:EF:F1:AC  xfinitywifi                 Infra  6     130 Mbit/s  35      ▂▄__  --               
        3C:9A:77:EF:F1:AF  --                          Infra  6     130 Mbit/s  35      ▂▄__  WPA1 WPA2 802.1X 
        3C:9A:77:EF:F1:AD  --                          Infra  6     130 Mbit/s  35      ▂▄__  WPA2             
        04:A2:22:D9:81:4E  Fios-2gTCf                  Infra  40    540 Mbit/s  35      ▂▄__  WPA2             
        62:A2:22:D9:81:4F  --                          Infra  40    540 Mbit/s  35      ▂▄__  WPA2             
        EC:A9:40:36:BC:48  ARRIS-B22                   Infra  48    405 Mbit/s  35      ▂▄__  WPA2             
        B8:F8:53:16:BA:FD  Fios-BsLS6                  Infra  153   540 Mbit/s  35      ▂▄__  WPA2             
        6A:F8:53:16:BA:FE  --                          Infra  153   540 Mbit/s  35      ▂▄__  WPA2             
        3C:9A:77:EF:F1:B7  --                          Infra  157   540 Mbit/s  35      ▂▄__  WPA1 WPA2 802.1X 
        3C:9A:77:EF:F1:B6  XFINITY                     Infra  157   540 Mbit/s  35      ▂▄__  WPA2 802.1X      
        3C:9A:77:EF:F1:B5  --                          Infra  157   540 Mbit/s  35      ▂▄__  WPA2             
        10:86:8C:DC:30:BD  Home3329                    Infra  157   405 Mbit/s  35      ▂▄__  WPA2             
        60:D2:48:F5:51:5E  ARRIS-0B1D                  Infra  1     405 Mbit/s  29      ▂___  WPA2             
        EC:A9:40:36:BC:47  ARRIS-1B49                  Infra  1     405 Mbit/s  29      ▂___  WPA2             
        58:20:B1:3C:FE:C2  HP-Print-C2-Officejet 4630  Infra  1     54 Mbit/s   29      ▂___  WPA2             
        04:A2:22:D9:81:4C  Fios-2gTCf                  Infra  11    540 Mbit/s  29      ▂___  WPA2             
        14:59:C0:97:86:CA  NETGEAR23                   Infra  11    54 Mbit/s   29      ▂___  WPA2             






enp2s0:


PING 192.168.10.2 (192.168.10.2) 56(84) bytes of data.

--- 192.168.10.2 ping statistics ---
3 packets transmitted, 0 received, 100% packet loss, time 2028ms



PING 192.168.10.11 (192.168.10.11) 56(84) bytes of data.

--- 192.168.10.11 ping statistics ---
3 packets transmitted, 0 received, 100% packet loss, time 2054ms



PING 192.168.10.12 (192.168.10.12) 56(84) bytes of data.

--- 192.168.10.12 ping statistics ---
3 packets transmitted, 0 received, 100% packet loss, time 2054ms



PING 192.168.10.13 (192.168.10.13) 56(84) bytes of data.

--- 192.168.10.13 ping statistics ---
3 packets transmitted, 0 received, 100% packet loss, time 2054ms



PING github.com (140.82.113.4) 56(84) bytes of data.
64 bytes from lb-140-82-113-4-iad.github.com (140.82.113.4): icmp_seq=1 ttl=52 time=20.4 ms
64 bytes from lb-140-82-113-4-iad.github.com (140.82.113.4): icmp_seq=2 ttl=52 time=21.0 ms
64 bytes from lb-140-82-113-4-iad.github.com (140.82.113.4): icmp_seq=3 ttl=52 time=23.5 ms

--- github.com ping statistics ---
3 packets transmitted, 3 received, 0% packet loss, time 2003ms
rtt min/avg/max/mdev = 20.418/21.618/23.455/1.319 ms


PING 8.8.8.8 (8.8.8.8) 56(84) bytes of data.
64 bytes from 8.8.8.8: icmp_seq=1 ttl=115 time=15.6 ms
64 bytes from 8.8.8.8: icmp_seq=2 ttl=115 time=17.6 ms
64 bytes from 8.8.8.8: icmp_seq=3 ttl=115 time=14.8 ms

--- 8.8.8.8 ping statistics ---
3 packets transmitted, 3 received, 0% packet loss, time 2004ms
rtt min/avg/max/mdev = 14.799/16.001/17.615/1.185 ms

############################ bjorn - 07/25/20 06:00:01 EDT -0400 ############################

 06:00:01 up 14:31,  1 user,  load average: 0.18, 0.06, 0.02


reboot   system boot  5.4.0-42-generic Fri Jul 24 15:28   still running
reboot   system boot  5.4.0-42-generic Fri Jul 24 12:27 - 15:28  (03:00)
reboot   system boot  5.4.0-42-generic Fri Jul 24 01:03 - 12:27  (11:24)
reboot   system boot  5.4.0-42-generic Thu Jul 23 21:13 - 01:02  (03:49)
reboot   system boot  5.4.0-42-generic Thu Jul 23 21:08 - 21:10  (00:02)






[   18.192869] rfkill: input handler disabled
[   19.519392] iTCO_vendor_support: vendor-support=0
[   19.525007] iTCO_wdt: Intel TCO WatchDog Timer Driver v1.11
[ 9965.199053] Bluetooth: RFCOMM TTY layer initialized
[ 9965.199064] Bluetooth: RFCOMM socket layer initialized
[ 9965.199078] Bluetooth: RFCOMM ver 1.11
[17710.726863] rfkill: input handler enabled
[17716.515284] rfkill: input handler disabled
[30681.565619] kauditd_printk_skb: 20 callbacks suppressed
[30681.565622] audit: type=1400 audit(1595649602.321:32): apparmor="DENIED" operation="capable" profile="/usr/sbin/cups-browsed" pid=16049 comm="cups-browsed" capability=23  capname="sys_nice"


Filesystem      Size  Used Avail Use% Mounted on
/dev/mmcblk0p2   58G  7.4G   48G  14% /
/dev/mmcblk0p1  511M  7.8M  504M   2% /boot/efi
/dev/sda1        59G   53M   56G   1% /data


IN-USE  BSSID              SSID           MODE   CHAN  RATE        SIGNAL  BARS  SECURITY         
*       60:D2:48:F5:51:5F  ARRIS-0B1D-5G  Infra  157   540 Mbit/s  37      ▂▄__  WPA2             
        3C:9A:77:EF:F1:AF  --             Infra  6     130 Mbit/s  35      ▂▄__  WPA1 WPA2 802.1X 
        3C:9A:77:EF:F1:AC  xfinitywifi    Infra  6     130 Mbit/s  35      ▂▄__  --               
        EC:A9:40:36:BC:48  ARRIS-B22      Infra  48    405 Mbit/s  35      ▂▄__  WPA2             
        3C:9A:77:EF:F1:B7  --             Infra  157   540 Mbit/s  35      ▂▄__  WPA1 WPA2 802.1X 
        10:86:8C:DC:30:BD  Home3329       Infra  157   405 Mbit/s  35      ▂▄__  WPA2             
        52:86:8C:DC:30:BD  --             Infra  157   405 Mbit/s  35      ▂▄__  WPA1 WPA2 802.1X 
        04:A2:22:D9:81:4C  Fios-2gTCf     Infra  11    540 Mbit/s  34      ▂▄__  WPA2             
        EC:A9:40:36:BC:47  ARRIS-1B49     Infra  1     405 Mbit/s  29      ▂___  WPA2             
        60:D2:48:F5:51:5E  ARRIS-0B1D     Infra  1     405 Mbit/s  29      ▂___  WPA2             
        14:59:C0:97:86:CA  NETGEAR23      Infra  11    54 Mbit/s   29      ▂___  WPA2             






enp2s0:


PING 192.168.10.2 (192.168.10.2) 56(84) bytes of data.

--- 192.168.10.2 ping statistics ---
3 packets transmitted, 0 received, 100% packet loss, time 2028ms



PING 192.168.10.11 (192.168.10.11) 56(84) bytes of data.

--- 192.168.10.11 ping statistics ---
3 packets transmitted, 0 received, 100% packet loss, time 2054ms



PING 192.168.10.12 (192.168.10.12) 56(84) bytes of data.

--- 192.168.10.12 ping statistics ---
3 packets transmitted, 0 received, 100% packet loss, time 2054ms



PING 192.168.10.13 (192.168.10.13) 56(84) bytes of data.

--- 192.168.10.13 ping statistics ---
3 packets transmitted, 0 received, 100% packet loss, time 2054ms



PING github.com (140.82.114.3) 56(84) bytes of data.
64 bytes from lb-140-82-114-3-iad.github.com (140.82.114.3): icmp_seq=1 ttl=52 time=35.3 ms
64 bytes from lb-140-82-114-3-iad.github.com (140.82.114.3): icmp_seq=2 ttl=52 time=19.5 ms
64 bytes from lb-140-82-114-3-iad.github.com (140.82.114.3): icmp_seq=3 ttl=52 time=17.3 ms

--- github.com ping statistics ---
3 packets transmitted, 3 received, 0% packet loss, time 2004ms
rtt min/avg/max/mdev = 17.301/24.058/35.334/8.025 ms


PING 8.8.8.8 (8.8.8.8) 56(84) bytes of data.
64 bytes from 8.8.8.8: icmp_seq=1 ttl=115 time=16.0 ms
64 bytes from 8.8.8.8: icmp_seq=2 ttl=115 time=16.7 ms
64 bytes from 8.8.8.8: icmp_seq=3 ttl=115 time=14.3 ms

--- 8.8.8.8 ping statistics ---
3 packets transmitted, 3 received, 0% packet loss, time 2003ms
rtt min/avg/max/mdev = 14.269/15.658/16.693/1.020 ms

############################ bjorn - 07/25/20 12:00:01 EDT -0400 ############################

 12:00:01 up 20:31,  1 user,  load average: 0.02, 0.02, 0.00


reboot   system boot  5.4.0-42-generic Fri Jul 24 15:28   still running
reboot   system boot  5.4.0-42-generic Fri Jul 24 12:27 - 15:28  (03:00)
reboot   system boot  5.4.0-42-generic Fri Jul 24 01:03 - 12:27  (11:24)
reboot   system boot  5.4.0-42-generic Thu Jul 23 21:13 - 01:02  (03:49)
reboot   system boot  5.4.0-42-generic Thu Jul 23 21:08 - 21:10  (00:02)






[   18.192869] rfkill: input handler disabled
[   19.519392] iTCO_vendor_support: vendor-support=0
[   19.525007] iTCO_wdt: Intel TCO WatchDog Timer Driver v1.11
[ 9965.199053] Bluetooth: RFCOMM TTY layer initialized
[ 9965.199064] Bluetooth: RFCOMM socket layer initialized
[ 9965.199078] Bluetooth: RFCOMM ver 1.11
[17710.726863] rfkill: input handler enabled
[17716.515284] rfkill: input handler disabled
[30681.565619] kauditd_printk_skb: 20 callbacks suppressed
[30681.565622] audit: type=1400 audit(1595649602.321:32): apparmor="DENIED" operation="capable" profile="/usr/sbin/cups-browsed" pid=16049 comm="cups-browsed" capability=23  capname="sys_nice"


Filesystem      Size  Used Avail Use% Mounted on
/dev/mmcblk0p2   58G  7.4G   48G  14% /
/dev/mmcblk0p1  511M  7.8M  504M   2% /boot/efi
/dev/sda1        59G   53M   56G   1% /data


IN-USE  BSSID              SSID           MODE   CHAN  RATE        SIGNAL  BARS  SECURITY         
*       60:D2:48:F5:51:5F  ARRIS-0B1D-5G  Infra  157   540 Mbit/s  38      ▂▄__  WPA2             
        3C:9A:77:EF:F1:AC  xfinitywifi    Infra  1     130 Mbit/s  35      ▂▄__  --               
        AE:63:BE:8E:0A:CD  --             Infra  1     130 Mbit/s  35      ▂▄__  WPA2             
        14:59:C0:97:86:CA  NETGEAR23      Infra  11    54 Mbit/s   35      ▂▄__  WPA2             
        04:A2:22:D9:81:4E  Fios-2gTCf     Infra  40    540 Mbit/s  35      ▂▄__  WPA2             
        62:A2:22:D9:81:4F  --             Infra  40    540 Mbit/s  35      ▂▄__  WPA2             
        72:A2:22:D9:81:4F  --             Infra  153   540 Mbit/s  35      ▂▄__  WPA2             
        3C:9A:77:EF:F1:B7  --             Infra  157   540 Mbit/s  35      ▂▄__  WPA1 WPA2 802.1X 
        3C:9A:77:EF:F1:B5  --             Infra  157   540 Mbit/s  35      ▂▄__  WPA2             
        3C:9A:77:EF:F1:B4  xfinitywifi    Infra  157   540 Mbit/s  35      ▂▄__  --               
        3C:9A:77:EF:F1:B2  Xfinity1       Infra  157   540 Mbit/s  35      ▂▄__  WPA2             
        42:86:8C:DC:30:BD  XFINITY        Infra  157   405 Mbit/s  35      ▂▄__  WPA2 802.1X      
        52:86:8C:DC:30:BD  --             Infra  157   405 Mbit/s  35      ▂▄__  WPA1 WPA2 802.1X 
        32:86:8C:DC:30:BD  --             Infra  157   405 Mbit/s  35      ▂▄__  WPA1 WPA2        
        04:A2:22:D9:81:4C  Fios-2gTCf     Infra  11    540 Mbit/s  30      ▂___  WPA2             
        EC:A9:40:36:BC:47  ARRIS-1B49     Infra  1     405 Mbit/s  29      ▂___  WPA2             
        B8:F8:53:16:BA:FC  Fios-BsLS6     Infra  11    540 Mbit/s  29      ▂___  WPA2             






enp2s0:


PING 192.168.10.2 (192.168.10.2) 56(84) bytes of data.

--- 192.168.10.2 ping statistics ---
3 packets transmitted, 0 received, 100% packet loss, time 2054ms



PING 192.168.10.11 (192.168.10.11) 56(84) bytes of data.

--- 192.168.10.11 ping statistics ---
3 packets transmitted, 0 received, 100% packet loss, time 2054ms



PING 192.168.10.12 (192.168.10.12) 56(84) bytes of data.

--- 192.168.10.12 ping statistics ---
3 packets transmitted, 0 received, 100% packet loss, time 2054ms



PING 192.168.10.13 (192.168.10.13) 56(84) bytes of data.

--- 192.168.10.13 ping statistics ---
3 packets transmitted, 0 received, 100% packet loss, time 2039ms



PING github.com (140.82.114.3) 56(84) bytes of data.
64 bytes from lb-140-82-114-3-iad.github.com (140.82.114.3): icmp_seq=1 ttl=52 time=19.9 ms
64 bytes from lb-140-82-114-3-iad.github.com (140.82.114.3): icmp_seq=2 ttl=52 time=19.5 ms
64 bytes from lb-140-82-114-3-iad.github.com (140.82.114.3): icmp_seq=3 ttl=52 time=18.3 ms

--- github.com ping statistics ---
3 packets transmitted, 3 received, 0% packet loss, time 2003ms
rtt min/avg/max/mdev = 18.297/19.257/19.943/0.699 ms


PING 8.8.8.8 (8.8.8.8) 56(84) bytes of data.
64 bytes from 8.8.8.8: icmp_seq=1 ttl=115 time=15.7 ms
64 bytes from 8.8.8.8: icmp_seq=2 ttl=115 time=20.0 ms
64 bytes from 8.8.8.8: icmp_seq=3 ttl=115 time=13.2 ms

--- 8.8.8.8 ping statistics ---
3 packets transmitted, 3 received, 0% packet loss, time 2004ms
rtt min/avg/max/mdev = 13.237/16.320/20.026/2.806 ms

############################ bjorn - 07/25/20 18:00:01 EDT -0400 ############################

 18:00:01 up 1 day,  2:31,  2 users,  load average: 0.23, 0.07, 0.02


reboot   system boot  5.4.0-42-generic Fri Jul 24 15:28   still running
reboot   system boot  5.4.0-42-generic Fri Jul 24 12:27 - 15:28  (03:00)
reboot   system boot  5.4.0-42-generic Fri Jul 24 01:03 - 12:27  (11:24)
reboot   system boot  5.4.0-42-generic Thu Jul 23 21:13 - 01:02  (03:49)
reboot   system boot  5.4.0-42-generic Thu Jul 23 21:08 - 21:10  (00:02)






[   19.519392] iTCO_vendor_support: vendor-support=0
[   19.525007] iTCO_wdt: Intel TCO WatchDog Timer Driver v1.11
[ 9965.199053] Bluetooth: RFCOMM TTY layer initialized
[ 9965.199064] Bluetooth: RFCOMM socket layer initialized
[ 9965.199078] Bluetooth: RFCOMM ver 1.11
[17710.726863] rfkill: input handler enabled
[17716.515284] rfkill: input handler disabled
[30681.565619] kauditd_printk_skb: 20 callbacks suppressed
[30681.565622] audit: type=1400 audit(1595649602.321:32): apparmor="DENIED" operation="capable" profile="/usr/sbin/cups-browsed" pid=16049 comm="cups-browsed" capability=23  capname="sys_nice"
[94973.763953] perf: interrupt took too long (2555 > 2500), lowering kernel.perf_event_max_sample_rate to 78250


Filesystem      Size  Used Avail Use% Mounted on
/dev/mmcblk0p2   58G  7.4G   48G  14% /
/dev/mmcblk0p1  511M  7.8M  504M   2% /boot/efi
/dev/sda1        59G   53M   56G   1% /data


IN-USE  BSSID              SSID           MODE   CHAN  RATE        SIGNAL  BARS  SECURITY 
*       60:D2:48:F5:51:5F  ARRIS-0B1D-5G  Infra  157   540 Mbit/s  38      ▂▄__  WPA2     






enp2s0:


PING 192.168.10.2 (192.168.10.2) 56(84) bytes of data.

--- 192.168.10.2 ping statistics ---
3 packets transmitted, 0 received, 100% packet loss, time 2029ms



PING 192.168.10.11 (192.168.10.11) 56(84) bytes of data.

--- 192.168.10.11 ping statistics ---
3 packets transmitted, 0 received, 100% packet loss, time 2054ms



PING 192.168.10.12 (192.168.10.12) 56(84) bytes of data.

--- 192.168.10.12 ping statistics ---
3 packets transmitted, 0 received, 100% packet loss, time 2054ms



PING 192.168.10.13 (192.168.10.13) 56(84) bytes of data.

--- 192.168.10.13 ping statistics ---
3 packets transmitted, 0 received, 100% packet loss, time 2054ms



PING github.com (140.82.114.3) 56(84) bytes of data.
64 bytes from lb-140-82-114-3-iad.github.com (140.82.114.3): icmp_seq=1 ttl=52 time=20.3 ms
64 bytes from lb-140-82-114-3-iad.github.com (140.82.114.3): icmp_seq=2 ttl=52 time=21.7 ms
64 bytes from lb-140-82-114-3-iad.github.com (140.82.114.3): icmp_seq=3 ttl=52 time=20.6 ms

--- github.com ping statistics ---
3 packets transmitted, 3 received, 0% packet loss, time 2003ms
rtt min/avg/max/mdev = 20.323/20.876/21.669/0.574 ms


PING 8.8.8.8 (8.8.8.8) 56(84) bytes of data.
64 bytes from 8.8.8.8: icmp_seq=1 ttl=115 time=15.6 ms
64 bytes from 8.8.8.8: icmp_seq=2 ttl=115 time=16.0 ms
64 bytes from 8.8.8.8: icmp_seq=3 ttl=115 time=13.5 ms

--- 8.8.8.8 ping statistics ---
3 packets transmitted, 3 received, 0% packet loss, time 2003ms
rtt min/avg/max/mdev = 13.505/15.031/15.959/1.087 ms

############################ bjorn - 07/26/20 00:00:01 EST ############################

 00:00:01 up 1 day,  9:31,  1 user,  load average: 0.10, 0.05, 0.01


reboot   system boot  5.4.0-42-generic Fri Jul 24 14:28   still running
reboot   system boot  5.4.0-42-generic Fri Jul 24 11:27 - 14:28  (03:00)
reboot   system boot  5.4.0-42-generic Fri Jul 24 00:03 - 11:27  (11:24)
reboot   system boot  5.4.0-42-generic Thu Jul 23 20:13 - 00:02  (03:49)
reboot   system boot  5.4.0-42-generic Thu Jul 23 20:08 - 20:10  (00:02)






[ 9965.199078] Bluetooth: RFCOMM ver 1.11
[17710.726863] rfkill: input handler enabled
[17716.515284] rfkill: input handler disabled
[30681.565619] kauditd_printk_skb: 20 callbacks suppressed
[30681.565622] audit: type=1400 audit(1595649602.321:32): apparmor="DENIED" operation="capable" profile="/usr/sbin/cups-browsed" pid=16049 comm="cups-browsed" capability=23  capname="sys_nice"
[94973.763953] perf: interrupt took too long (2555 > 2500), lowering kernel.perf_event_max_sample_rate to 78250
[104442.054058] igb 0000:02:00.0 enp2s0: igb: enp2s0 NIC Link is Up 100 Mbps Full Duplex, Flow Control: RX/TX
[104442.054360] IPv6: ADDRCONF(NETDEV_CHANGE): enp2s0: link becomes ready
[111918.040136] igb 0000:02:00.0 enp2s0: igb: enp2s0 NIC Link is Down
[111920.860550] igb 0000:02:00.0 enp2s0: igb: enp2s0 NIC Link is Up 100 Mbps Full Duplex, Flow Control: RX/TX


Filesystem      Size  Used Avail Use% Mounted on
/dev/mmcblk0p2   58G  7.4G   48G  14% /
/dev/mmcblk0p1  511M  7.8M  504M   2% /boot/efi
/dev/sda1        59G   54M   56G   1% /data


IN-USE  BSSID              SSID           MODE   CHAN  RATE        SIGNAL  BARS  SECURITY 
*       60:D2:48:F5:51:5F  ARRIS-0B1D-5G  Infra  157   540 Mbit/s  34      ▂▄__  WPA2     






enp2s0:
192.168.5.5/24


PING 192.168.10.2 (192.168.10.2) 56(84) bytes of data.

--- 192.168.10.2 ping statistics ---
3 packets transmitted, 0 received, 100% packet loss, time 2053ms



PING 192.168.10.11 (192.168.10.11) 56(84) bytes of data.

--- 192.168.10.11 ping statistics ---
3 packets transmitted, 0 received, 100% packet loss, time 2054ms



PING 192.168.10.12 (192.168.10.12) 56(84) bytes of data.

--- 192.168.10.12 ping statistics ---
3 packets transmitted, 0 received, 100% packet loss, time 2054ms



PING 192.168.10.13 (192.168.10.13) 56(84) bytes of data.

--- 192.168.10.13 ping statistics ---
3 packets transmitted, 0 received, 100% packet loss, time 2054ms



PING github.com (140.82.112.4) 56(84) bytes of data.
64 bytes from lb-140-82-112-4-iad.github.com (140.82.112.4): icmp_seq=1 ttl=52 time=18.7 ms
64 bytes from lb-140-82-112-4-iad.github.com (140.82.112.4): icmp_seq=2 ttl=52 time=20.1 ms
64 bytes from lb-140-82-112-4-iad.github.com (140.82.112.4): icmp_seq=3 ttl=52 time=19.2 ms

--- github.com ping statistics ---
3 packets transmitted, 3 received, 0% packet loss, time 2003ms
rtt min/avg/max/mdev = 18.721/19.354/20.100/0.568 ms


PING 8.8.8.8 (8.8.8.8) 56(84) bytes of data.
64 bytes from 8.8.8.8: icmp_seq=1 ttl=115 time=15.3 ms
64 bytes from 8.8.8.8: icmp_seq=2 ttl=115 time=15.7 ms
64 bytes from 8.8.8.8: icmp_seq=3 ttl=115 time=14.7 ms

--- 8.8.8.8 ping statistics ---
3 packets transmitted, 3 received, 0% packet loss, time 2004ms
rtt min/avg/max/mdev = 14.732/15.248/15.706/0.399 ms

############################ bjorn - 07/26/20 06:00:01 EST ############################

 06:00:01 up 1 day, 15:31,  1 user,  load average: 0.00, 0.00, 0.00


reboot   system boot  5.4.0-42-generic Fri Jul 24 14:28   still running
reboot   system boot  5.4.0-42-generic Fri Jul 24 11:27 - 14:28  (03:00)
reboot   system boot  5.4.0-42-generic Fri Jul 24 00:03 - 11:27  (11:24)
reboot   system boot  5.4.0-42-generic Thu Jul 23 20:13 - 00:02  (03:49)
reboot   system boot  5.4.0-42-generic Thu Jul 23 20:08 - 20:10  (00:02)






[111918.040136] igb 0000:02:00.0 enp2s0: igb: enp2s0 NIC Link is Down
[111920.860550] igb 0000:02:00.0 enp2s0: igb: enp2s0 NIC Link is Up 100 Mbps Full Duplex, Flow Control: RX/TX
[120678.159927] audit: type=1400 audit(1595739601.696:33): apparmor="DENIED" operation="capable" profile="/usr/sbin/cups-browsed" pid=46762 comm="cups-browsed" capability=23  capname="sys_nice"
[126217.407632] perf: interrupt took too long (3244 > 3193), lowering kernel.perf_event_max_sample_rate to 61500
[126961.157139] igb 0000:02:00.0 enp2s0: igb: enp2s0 NIC Link is Down
[126962.961564] igb 0000:02:00.0 enp2s0: igb: enp2s0 NIC Link is Up 10 Mbps Full Duplex, Flow Control: RX/TX
[126964.441034] igb 0000:02:00.0 enp2s0: igb: enp2s0 NIC Link is Down
[126988.712724] igb 0000:02:00.0 enp2s0: igb: enp2s0 NIC Link is Up 100 Mbps Full Duplex, Flow Control: RX/TX
[133182.168076] igb 0000:02:00.0 enp2s0: igb: enp2s0 NIC Link is Down
[133185.064462] igb 0000:02:00.0 enp2s0: igb: enp2s0 NIC Link is Up 100 Mbps Full Duplex, Flow Control: RX/TX


Filesystem      Size  Used Avail Use% Mounted on
/dev/mmcblk0p2   58G  7.4G   48G  14% /
/dev/mmcblk0p1  511M  7.8M  504M   2% /boot/efi
/dev/sda1        59G   54M   56G   1% /data


IN-USE  BSSID              SSID           MODE   CHAN  RATE        SIGNAL  BARS  SECURITY 
*       60:D2:48:F5:51:5F  ARRIS-0B1D-5G  Infra  157   540 Mbit/s  35      ▂▄__  WPA2     






enp2s0:
192.168.5.5/24


PING 192.168.10.2 (192.168.10.2) 56(84) bytes of data.

--- 192.168.10.2 ping statistics ---
3 packets transmitted, 0 received, 100% packet loss, time 2028ms



PING 192.168.10.11 (192.168.10.11) 56(84) bytes of data.

--- 192.168.10.11 ping statistics ---
3 packets transmitted, 0 received, 100% packet loss, time 2054ms



PING 192.168.10.12 (192.168.10.12) 56(84) bytes of data.

--- 192.168.10.12 ping statistics ---
3 packets transmitted, 0 received, 100% packet loss, time 2054ms



PING 192.168.10.13 (192.168.10.13) 56(84) bytes of data.

--- 192.168.10.13 ping statistics ---
3 packets transmitted, 0 received, 100% packet loss, time 2025ms



PING github.com (140.82.114.3) 56(84) bytes of data.
64 bytes from lb-140-82-114-3-iad.github.com (140.82.114.3): icmp_seq=1 ttl=52 time=20.4 ms
64 bytes from lb-140-82-114-3-iad.github.com (140.82.114.3): icmp_seq=2 ttl=52 time=19.1 ms
64 bytes from lb-140-82-114-3-iad.github.com (140.82.114.3): icmp_seq=3 ttl=52 time=17.7 ms

--- github.com ping statistics ---
3 packets transmitted, 3 received, 0% packet loss, time 2003ms
rtt min/avg/max/mdev = 17.713/19.071/20.427/1.107 ms


PING 8.8.8.8 (8.8.8.8) 56(84) bytes of data.
64 bytes from 8.8.8.8: icmp_seq=1 ttl=115 time=16.4 ms
64 bytes from 8.8.8.8: icmp_seq=2 ttl=115 time=15.9 ms
64 bytes from 8.8.8.8: icmp_seq=3 ttl=115 time=13.4 ms

--- 8.8.8.8 ping statistics ---
3 packets transmitted, 3 received, 0% packet loss, time 2003ms
rtt min/avg/max/mdev = 13.371/15.250/16.440/1.344 ms

############################ bjorn - 07/26/20 08:33:33 EST ############################

 08:33:33 up 4 min,  1 user,  load average: 0.37, 0.48, 0.24


reboot   system boot  5.4.0-42-generic Sun Jul 26 08:29   still running
reboot   system boot  5.4.0-42-generic Sun Jul 26 08:27 - 08:28  (00:00)
reboot   system boot  5.4.0-42-generic Fri Jul 24 14:28 - 08:27 (1+17:58)
reboot   system boot  5.4.0-42-generic Fri Jul 24 11:27 - 14:28  (03:00)
reboot   system boot  5.4.0-42-generic Fri Jul 24 00:03 - 11:27  (11:24)






[   15.679694] wlp1s0: RX AssocResp from 60:d2:48:f5:51:5f (capab=0x931 status=0 aid=1)
[   15.682650] wlp1s0: associated
[   15.754383] wlp1s0: Limiting TX power to 30 (30 - 0) dBm as advertised by 60:d2:48:f5:51:5f
[   15.839353] IPv6: ADDRCONF(NETDEV_CHANGE): wlp1s0: link becomes ready
[   19.765624] rfkill: input handler disabled
[   21.114396] iTCO_vendor_support: vendor-support=0
[   21.117588] iTCO_wdt: Intel TCO WatchDog Timer Driver v1.11
[   33.837388] Bluetooth: RFCOMM TTY layer initialized
[   33.837397] Bluetooth: RFCOMM socket layer initialized
[   33.837408] Bluetooth: RFCOMM ver 1.11


Filesystem      Size  Used Avail Use% Mounted on
/dev/mmcblk0p2   58G  7.4G   48G  14% /
/dev/mmcblk0p1  511M  7.8M  504M   2% /boot/efi
/dev/sda1        59G   54M   56G   1% /data


IN-USE  BSSID              SSID                        MODE   CHAN  RATE        SIGNAL  BARS  SECURITY         
*       60:D2:48:F5:51:5F  ARRIS-0B1D-5G               Infra  157   540 Mbit/s  37      ▂▄__  WPA2             
        3C:9A:77:EF:F1:AA  Xfinity1                    Infra  6     130 Mbit/s  35      ▂▄__  WPA2             
        3C:9A:77:EF:F1:AF  --                          Infra  6     130 Mbit/s  35      ▂▄__  WPA1 WPA2 802.1X 
        3C:9A:77:EF:F1:AD  --                          Infra  6     130 Mbit/s  35      ▂▄__  WPA2             
        3C:9A:77:EF:F1:AC  xfinitywifi                 Infra  6     130 Mbit/s  35      ▂▄__  --               
        DA:31:34:CF:65:0D  --                          Infra  11    65 Mbit/s   35      ▂▄__  WPA2             
        04:A2:22:D9:81:4E  Fios-2gTCf                  Infra  40    540 Mbit/s  35      ▂▄__  WPA2             
        62:A2:22:D9:81:4F  --                          Infra  40    540 Mbit/s  35      ▂▄__  WPA2             
        EC:A9:40:36:BC:48  ARRIS-B22                   Infra  48    405 Mbit/s  35      ▂▄__  WPA2             
        72:A2:22:D9:81:4F  --                          Infra  153   540 Mbit/s  35      ▂▄__  WPA2             
        3C:9A:77:EF:F1:B2  Xfinity1                    Infra  157   540 Mbit/s  35      ▂▄__  WPA2             
        3C:9A:77:EF:F1:B5  --                          Infra  157   540 Mbit/s  35      ▂▄__  WPA2             
        3C:9A:77:EF:F1:B4  xfinitywifi                 Infra  157   540 Mbit/s  35      ▂▄__  --               
        52:86:8C:DC:30:BD  --                          Infra  157   405 Mbit/s  35      ▂▄__  WPA1 WPA2 802.1X 
        10:86:8C:DC:30:BD  Home3329                    Infra  157   405 Mbit/s  35      ▂▄__  WPA2             
        32:86:8C:DC:30:BD  --                          Infra  157   405 Mbit/s  35      ▂▄__  WPA1 WPA2        
        42:86:8C:DC:30:BD  XFINITY                     Infra  157   405 Mbit/s  35      ▂▄__  WPA2 802.1X      
        04:A2:22:D9:81:4C  Fios-2gTCf                  Infra  11    540 Mbit/s  32      ▂▄__  WPA2             
        EC:A9:40:36:BC:47  ARRIS-1B49                  Infra  1     405 Mbit/s  29      ▂___  WPA2             
        60:D2:48:F5:51:5E  ARRIS-0B1D                  Infra  1     405 Mbit/s  29      ▂___  WPA2             
        58:20:B1:3C:FE:C2  HP-Print-C2-Officejet 4630  Infra  1     54 Mbit/s   29      ▂___  WPA2             
        B8:F8:53:16:BA:FC  Fios-BsLS6                  Infra  11    540 Mbit/s  29      ▂___  WPA2             
        14:59:C0:97:86:CA  NETGEAR23                   Infra  11    52 Mbit/s   29      ▂___  WPA2             






enp2s0:


PING 192.168.10.2 (192.168.10.2) 56(84) bytes of data.

--- 192.168.10.2 ping statistics ---
3 packets transmitted, 0 received, 100% packet loss, time 2031ms



PING 192.168.10.11 (192.168.10.11) 56(84) bytes of data.

--- 192.168.10.11 ping statistics ---
3 packets transmitted, 0 received, 100% packet loss, time 2054ms



PING 192.168.10.12 (192.168.10.12) 56(84) bytes of data.

--- 192.168.10.12 ping statistics ---
3 packets transmitted, 0 received, 100% packet loss, time 2054ms



PING 192.168.10.13 (192.168.10.13) 56(84) bytes of data.

--- 192.168.10.13 ping statistics ---
3 packets transmitted, 0 received, 100% packet loss, time 2025ms



PING github.com (140.82.112.3) 56(84) bytes of data.
64 bytes from lb-140-82-112-3-iad.github.com (140.82.112.3): icmp_seq=1 ttl=52 time=22.2 ms
64 bytes from lb-140-82-112-3-iad.github.com (140.82.112.3): icmp_seq=2 ttl=52 time=19.9 ms
64 bytes from lb-140-82-112-3-iad.github.com (140.82.112.3): icmp_seq=3 ttl=52 time=19.1 ms

--- github.com ping statistics ---
3 packets transmitted, 3 received, 0% packet loss, time 2003ms
rtt min/avg/max/mdev = 19.061/20.390/22.189/1.319 ms


PING 8.8.8.8 (8.8.8.8) 56(84) bytes of data.
64 bytes from 8.8.8.8: icmp_seq=1 ttl=115 time=16.3 ms
64 bytes from 8.8.8.8: icmp_seq=2 ttl=115 time=13.6 ms
64 bytes from 8.8.8.8: icmp_seq=3 ttl=115 time=11.8 ms

--- 8.8.8.8 ping statistics ---
3 packets transmitted, 3 received, 0% packet loss, time 2004ms
rtt min/avg/max/mdev = 11.766/13.897/16.304/1.862 ms

############################ bjorn - 07/26/20 08:40:51 EST ############################

 08:40:51 up 4 min,  1 user,  load average: 0.13, 0.54, 0.29


reboot   system boot  5.4.0-42-generic Sun Jul 26 08:36   still running
reboot   system boot  5.4.0-42-generic Sun Jul 26 08:29 - 08:34  (00:05)
reboot   system boot  5.4.0-42-generic Sun Jul 26 08:27 - 08:28  (00:00)
reboot   system boot  5.4.0-42-generic Fri Jul 24 14:28 - 08:27 (1+17:58)
reboot   system boot  5.4.0-42-generic Fri Jul 24 11:27 - 14:28  (03:00)






[   15.518915] wlp1s0: Limiting TX power to 30 (30 - 0) dBm as advertised by 60:d2:48:f5:51:5f
[   15.619213] IPv6: ADDRCONF(NETDEV_CHANGE): wlp1s0: link becomes ready
[   19.069607] rfkill: input handler disabled
[   20.852835] iTCO_vendor_support: vendor-support=0
[   20.862177] iTCO_wdt: Intel TCO WatchDog Timer Driver v1.11
[   20.862238] iTCO_wdt: Found a Apollo Lake SoC TCO device (Version=5, TCOBASE=0x0460)
[   20.865102] iTCO_wdt: initialized. heartbeat=30 sec (nowayout=0)
[   25.406518] Bluetooth: RFCOMM TTY layer initialized
[   25.406529] Bluetooth: RFCOMM socket layer initialized
[   25.406538] Bluetooth: RFCOMM ver 1.11


Filesystem      Size  Used Avail Use% Mounted on
/dev/mmcblk0p2   58G  7.4G   48G  14% /
/dev/mmcblk0p1  511M  7.8M  504M   2% /boot/efi
/dev/sda1        59G   54M   56G   1% /data


IN-USE  BSSID              SSID           MODE   CHAN  RATE        SIGNAL  BARS  SECURITY         
        04:A2:22:D9:81:4C  Fios-2gTCf     Infra  11    540 Mbit/s  39      ▂▄__  WPA2             
*       60:D2:48:F5:51:5F  ARRIS-0B1D-5G  Infra  157   540 Mbit/s  38      ▂▄__  WPA2             
        60:D2:48:F5:51:5E  ARRIS-0B1D     Infra  1     405 Mbit/s  35      ▂▄__  WPA2             
        3C:9A:77:EF:F1:AA  Xfinity1       Infra  6     130 Mbit/s  35      ▂▄__  WPA2             
        3C:9A:77:EF:F1:AF  --             Infra  6     130 Mbit/s  35      ▂▄__  WPA1 WPA2 802.1X 
        3C:9A:77:EF:F1:AD  --             Infra  6     130 Mbit/s  35      ▂▄__  WPA2             
        3C:9A:77:EF:F1:AC  xfinitywifi    Infra  6     130 Mbit/s  35      ▂▄__  --               
        DA:31:34:CF:65:0D  --             Infra  11    65 Mbit/s   35      ▂▄__  WPA2             
        04:A2:22:D9:81:4E  Fios-2gTCf     Infra  40    540 Mbit/s  35      ▂▄__  WPA2             
        62:A2:22:D9:81:4F  --             Infra  40    540 Mbit/s  35      ▂▄__  WPA2             
        EC:A9:40:36:BC:48  ARRIS-B22      Infra  48    405 Mbit/s  35      ▂▄__  WPA2             
        18:78:D4:18:A0:10  Fios-P51XD-5G  Infra  132   405 Mbit/s  35      ▂▄__  WPA2             
        1A:78:D4:18:A0:11  --             Infra  132   405 Mbit/s  35      ▂▄__  WPA2             
        72:A2:22:D9:81:4F  --             Infra  153   540 Mbit/s  35      ▂▄__  WPA2             
        B8:F8:53:16:BA:FD  Fios-BsLS6     Infra  153   540 Mbit/s  35      ▂▄__  WPA2             
        6A:F8:53:16:BA:FE  --             Infra  153   540 Mbit/s  35      ▂▄__  WPA2             
        3C:9A:77:EF:F1:B7  --             Infra  157   540 Mbit/s  35      ▂▄__  WPA1 WPA2 802.1X 
        3C:9A:77:EF:F1:B5  --             Infra  157   540 Mbit/s  35      ▂▄__  WPA2             
        3C:9A:77:EF:F1:B2  Xfinity1       Infra  157   540 Mbit/s  35      ▂▄__  WPA2             
        3C:9A:77:EF:F1:B4  xfinitywifi    Infra  157   540 Mbit/s  35      ▂▄__  --               
        10:86:8C:DC:30:BD  Home3329       Infra  157   405 Mbit/s  35      ▂▄__  WPA2             
        32:86:8C:DC:30:BD  --             Infra  157   405 Mbit/s  35      ▂▄__  WPA1 WPA2        
        42:86:8C:DC:30:BD  XFINITY        Infra  157   405 Mbit/s  35      ▂▄__  WPA2 802.1X      
        52:86:8C:DC:30:BD  --             Infra  157   405 Mbit/s  35      ▂▄__  WPA1 WPA2 802.1X 
        EC:A9:40:36:BC:47  ARRIS-1B49     Infra  1     405 Mbit/s  29      ▂___  WPA2             
        B8:F8:53:16:BA:FC  Fios-BsLS6     Infra  11    540 Mbit/s  29      ▂___  WPA2             
        14:59:C0:97:86:CA  NETGEAR23      Infra  11    54 Mbit/s   29      ▂___  WPA2             






enp2s0:


PING 192.168.10.2 (192.168.10.2) 56(84) bytes of data.

--- 192.168.10.2 ping statistics ---
3 packets transmitted, 0 received, 100% packet loss, time 2053ms



PING 192.168.10.11 (192.168.10.11) 56(84) bytes of data.

--- 192.168.10.11 ping statistics ---
3 packets transmitted, 0 received, 100% packet loss, time 2055ms



PING 192.168.10.12 (192.168.10.12) 56(84) bytes of data.

--- 192.168.10.12 ping statistics ---
3 packets transmitted, 0 received, 100% packet loss, time 2054ms



PING 192.168.10.13 (192.168.10.13) 56(84) bytes of data.

--- 192.168.10.13 ping statistics ---
3 packets transmitted, 0 received, 100% packet loss, time 2055ms



PING github.com (140.82.114.3) 56(84) bytes of data.
64 bytes from lb-140-82-114-3-iad.github.com (140.82.114.3): icmp_seq=1 ttl=52 time=19.1 ms
64 bytes from lb-140-82-114-3-iad.github.com (140.82.114.3): icmp_seq=2 ttl=52 time=19.1 ms
64 bytes from lb-140-82-114-3-iad.github.com (140.82.114.3): icmp_seq=3 ttl=52 time=19.6 ms

--- github.com ping statistics ---
3 packets transmitted, 3 received, 0% packet loss, time 2003ms
rtt min/avg/max/mdev = 19.060/19.235/19.566/0.234 ms


PING 8.8.8.8 (8.8.8.8) 56(84) bytes of data.
64 bytes from 8.8.8.8: icmp_seq=1 ttl=115 time=16.3 ms
64 bytes from 8.8.8.8: icmp_seq=2 ttl=115 time=18.3 ms
64 bytes from 8.8.8.8: icmp_seq=3 ttl=115 time=13.0 ms

--- 8.8.8.8 ping statistics ---
3 packets transmitted, 3 received, 0% packet loss, time 2003ms
rtt min/avg/max/mdev = 12.955/15.848/18.304/2.205 ms

############################ bjorn - 07/26/20 09:25:07 EST ############################

 09:25:07 up 4 min,  1 user,  load average: 0.22, 0.32, 0.17


reboot   system boot  5.4.0-42-generic Sun Jul 26 09:20   still running
reboot   system boot  5.4.0-42-generic Sun Jul 26 08:36 - 09:20  (00:43)
reboot   system boot  5.4.0-42-generic Sun Jul 26 08:29 - 08:34  (00:05)
reboot   system boot  5.4.0-42-generic Sun Jul 26 08:27 - 08:28  (00:00)
reboot   system boot  5.4.0-42-generic Fri Jul 24 14:28 - 08:27 (1+17:58)






[   15.932380] wlp1s0: Limiting TX power to 30 (30 - 0) dBm as advertised by 60:d2:48:f5:51:5f
[   15.988602] IPv6: ADDRCONF(NETDEV_CHANGE): wlp1s0: link becomes ready
[   19.014733] rfkill: input handler disabled
[   20.336106] iTCO_vendor_support: vendor-support=0
[   20.341091] iTCO_wdt: Intel TCO WatchDog Timer Driver v1.11
[   20.341148] iTCO_wdt: Found a Apollo Lake SoC TCO device (Version=5, TCOBASE=0x0460)
[   20.341361] iTCO_wdt: initialized. heartbeat=30 sec (nowayout=0)
[  156.474502] Bluetooth: RFCOMM TTY layer initialized
[  156.474514] Bluetooth: RFCOMM socket layer initialized
[  156.474522] Bluetooth: RFCOMM ver 1.11


Filesystem      Size  Used Avail Use% Mounted on
/dev/mmcblk0p2   58G  7.4G   48G  14% /
/dev/mmcblk0p1  511M  7.8M  504M   2% /boot/efi
/dev/sda1        59G   54M   56G   1% /data


IN-USE  BSSID              SSID                        MODE   CHAN  RATE        SIGNAL  BARS  SECURITY         
*       60:D2:48:F5:51:5F  ARRIS-0B1D-5G               Infra  157   540 Mbit/s  36      ▂▄__  WPA2             
        AE:63:BE:8E:0A:CD  --                          Infra  1     130 Mbit/s  35      ▂▄__  WPA2             
        3C:9A:77:EF:F1:AA  Xfinity1                    Infra  6     130 Mbit/s  35      ▂▄__  WPA2             
        3C:9A:77:EF:F1:AF  --                          Infra  6     130 Mbit/s  35      ▂▄__  WPA1 WPA2 802.1X 
        3C:9A:77:EF:F1:AD  --                          Infra  6     130 Mbit/s  35      ▂▄__  WPA2             
        3C:9A:77:EF:F1:AC  xfinitywifi                 Infra  6     130 Mbit/s  35      ▂▄__  --               
        DA:31:34:CF:65:0D  --                          Infra  11    65 Mbit/s   35      ▂▄__  WPA2             
        72:A2:22:D9:81:4F  --                          Infra  153   540 Mbit/s  35      ▂▄__  WPA2             
        B8:F8:53:16:BA:FD  Fios-BsLS6                  Infra  153   540 Mbit/s  35      ▂▄__  WPA2             
        6A:F8:53:16:BA:FE  --                          Infra  153   540 Mbit/s  35      ▂▄__  WPA2             
        3C:9A:77:EF:F1:B7  --                          Infra  157   540 Mbit/s  35      ▂▄__  WPA1 WPA2 802.1X 
        3C:9A:77:EF:F1:B5  --                          Infra  157   540 Mbit/s  35      ▂▄__  WPA2             
        3C:9A:77:EF:F1:B2  Xfinity1                    Infra  157   540 Mbit/s  35      ▂▄__  WPA2             
        3C:9A:77:EF:F1:B4  xfinitywifi                 Infra  157   540 Mbit/s  35      ▂▄__  --               
        52:86:8C:DC:30:BD  --                          Infra  157   405 Mbit/s  35      ▂▄__  WPA1 WPA2 802.1X 
        10:86:8C:DC:30:BD  Home3329                    Infra  157   405 Mbit/s  35      ▂▄__  WPA2             
        32:86:8C:DC:30:BD  --                          Infra  157   405 Mbit/s  35      ▂▄__  WPA1 WPA2        
        42:86:8C:DC:30:BD  XFINITY                     Infra  157   405 Mbit/s  35      ▂▄__  WPA2 802.1X      
        04:A2:22:D9:81:4C  Fios-2gTCf                  Infra  11    540 Mbit/s  32      ▂▄__  WPA2             
        EC:A9:40:36:BC:47  ARRIS-1B49                  Infra  1     405 Mbit/s  29      ▂___  WPA2             
        60:D2:48:F5:51:5E  ARRIS-0B1D                  Infra  1     405 Mbit/s  29      ▂___  WPA2             
        18:78:D4:18:A0:12  Fios-P51XD                  Infra  1     195 Mbit/s  29      ▂___  WPA2             
        58:20:B1:3C:FE:C2  HP-Print-C2-Officejet 4630  Infra  1     54 Mbit/s   29      ▂___  WPA2             
        14:59:C0:97:86:CA  NETGEAR23                   Infra  11    52 Mbit/s   29      ▂___  WPA2             






enp2s0:


PING 192.168.10.2 (192.168.10.2) 56(84) bytes of data.

--- 192.168.10.2 ping statistics ---
3 packets transmitted, 0 received, 100% packet loss, time 2030ms



PING 192.168.10.11 (192.168.10.11) 56(84) bytes of data.

--- 192.168.10.11 ping statistics ---
3 packets transmitted, 0 received, 100% packet loss, time 2027ms



PING 192.168.10.12 (192.168.10.12) 56(84) bytes of data.

--- 192.168.10.12 ping statistics ---
3 packets transmitted, 0 received, 100% packet loss, time 2055ms



PING 192.168.10.13 (192.168.10.13) 56(84) bytes of data.

--- 192.168.10.13 ping statistics ---
3 packets transmitted, 0 received, 100% packet loss, time 2055ms



PING github.com (140.82.114.3) 56(84) bytes of data.
64 bytes from lb-140-82-114-3-iad.github.com (140.82.114.3): icmp_seq=1 ttl=52 time=22.5 ms
64 bytes from lb-140-82-114-3-iad.github.com (140.82.114.3): icmp_seq=2 ttl=52 time=20.0 ms
64 bytes from lb-140-82-114-3-iad.github.com (140.82.114.3): icmp_seq=3 ttl=52 time=17.3 ms

--- github.com ping statistics ---
3 packets transmitted, 3 received, 0% packet loss, time 2003ms
rtt min/avg/max/mdev = 17.258/19.901/22.454/2.122 ms


PING 8.8.8.8 (8.8.8.8) 56(84) bytes of data.
64 bytes from 8.8.8.8: icmp_seq=1 ttl=115 time=15.2 ms
64 bytes from 8.8.8.8: icmp_seq=2 ttl=115 time=17.7 ms
64 bytes from 8.8.8.8: icmp_seq=3 ttl=115 time=13.1 ms

--- 8.8.8.8 ping statistics ---
3 packets transmitted, 3 received, 0% packet loss, time 2004ms
rtt min/avg/max/mdev = 13.073/15.325/17.674/1.879 ms

############################ bjorn - 07/26/20 12:00:01 EST ############################

 12:00:01 up  2:39,  0 users,  load average: 0.04, 0.06, 0.01


reboot   system boot  5.4.0-42-generic Sun Jul 26 09:20   still running
reboot   system boot  5.4.0-42-generic Sun Jul 26 08:36 - 09:20  (00:43)
reboot   system boot  5.4.0-42-generic Sun Jul 26 08:29 - 08:34  (00:05)
reboot   system boot  5.4.0-42-generic Sun Jul 26 08:27 - 08:28  (00:00)
reboot   system boot  5.4.0-42-generic Fri Jul 24 14:28 - 08:27 (1+17:58)






[   15.932380] wlp1s0: Limiting TX power to 30 (30 - 0) dBm as advertised by 60:d2:48:f5:51:5f
[   15.988602] IPv6: ADDRCONF(NETDEV_CHANGE): wlp1s0: link becomes ready
[   19.014733] rfkill: input handler disabled
[   20.336106] iTCO_vendor_support: vendor-support=0
[   20.341091] iTCO_wdt: Intel TCO WatchDog Timer Driver v1.11
[   20.341148] iTCO_wdt: Found a Apollo Lake SoC TCO device (Version=5, TCOBASE=0x0460)
[   20.341361] iTCO_wdt: initialized. heartbeat=30 sec (nowayout=0)
[  156.474502] Bluetooth: RFCOMM TTY layer initialized
[  156.474514] Bluetooth: RFCOMM socket layer initialized
[  156.474522] Bluetooth: RFCOMM ver 1.11


Filesystem      Size  Used Avail Use% Mounted on
/dev/mmcblk0p2   58G  7.4G   48G  14% /
/dev/mmcblk0p1  511M  7.8M  504M   2% /boot/efi
/dev/sda1        59G   54M   56G   1% /data


IN-USE  BSSID              SSID           MODE   CHAN  RATE        SIGNAL  BARS  SECURITY         
*       60:D2:48:F5:51:5F  ARRIS-0B1D-5G  Infra  157   540 Mbit/s  37      ▂▄__  WPA2             
        3C:9A:77:EF:F1:AA  Xfinity1       Infra  6     130 Mbit/s  35      ▂▄__  WPA2             
        3C:9A:77:EF:F1:AF  --             Infra  6     130 Mbit/s  35      ▂▄__  WPA1 WPA2 802.1X 
        DA:31:34:CF:65:0D  --             Infra  11    65 Mbit/s   35      ▂▄__  WPA2             
        04:A2:22:D9:81:4E  Fios-2gTCf     Infra  40    540 Mbit/s  35      ▂▄__  WPA2             
        62:A2:22:D9:81:4F  --             Infra  40    540 Mbit/s  35      ▂▄__  WPA2             
        3C:9A:77:EF:F1:B5  --             Infra  157   540 Mbit/s  35      ▂▄__  WPA2             
        10:86:8C:DC:30:BD  Home3329       Infra  157   405 Mbit/s  35      ▂▄__  WPA2             
        42:86:8C:DC:30:BD  XFINITY        Infra  157   405 Mbit/s  35      ▂▄__  WPA2 802.1X      
        52:86:8C:DC:30:BD  --             Infra  157   405 Mbit/s  35      ▂▄__  WPA1 WPA2 802.1X 
        60:D2:48:F5:51:5E  ARRIS-0B1D     Infra  1     405 Mbit/s  29      ▂___  WPA2             
        EC:A9:40:36:BC:47  ARRIS-1B49     Infra  1     405 Mbit/s  29      ▂___  WPA2             
        04:A2:22:D9:81:4C  Fios-2gTCf     Infra  11    540 Mbit/s  29      ▂___  WPA2             
        14:59:C0:97:86:CA  NETGEAR23      Infra  11    52 Mbit/s   29      ▂___  WPA2             






enp2s0:


PING 192.168.10.2 (192.168.10.2) 56(84) bytes of data.

--- 192.168.10.2 ping statistics ---
3 packets transmitted, 0 received, 100% packet loss, time 2029ms



PING 192.168.10.11 (192.168.10.11) 56(84) bytes of data.

--- 192.168.10.11 ping statistics ---
3 packets transmitted, 0 received, 100% packet loss, time 2054ms



PING 192.168.10.12 (192.168.10.12) 56(84) bytes of data.

--- 192.168.10.12 ping statistics ---
3 packets transmitted, 0 received, 100% packet loss, time 2054ms



PING 192.168.10.13 (192.168.10.13) 56(84) bytes of data.

--- 192.168.10.13 ping statistics ---
3 packets transmitted, 0 received, 100% packet loss, time 2054ms



PING github.com (140.82.114.4) 56(84) bytes of data.
64 bytes from lb-140-82-114-4-iad.github.com (140.82.114.4): icmp_seq=1 ttl=52 time=19.5 ms
64 bytes from lb-140-82-114-4-iad.github.com (140.82.114.4): icmp_seq=2 ttl=52 time=21.8 ms
64 bytes from lb-140-82-114-4-iad.github.com (140.82.114.4): icmp_seq=3 ttl=52 time=18.4 ms

--- github.com ping statistics ---
3 packets transmitted, 3 received, 0% packet loss, time 2002ms
rtt min/avg/max/mdev = 18.399/19.899/21.772/1.402 ms


PING 8.8.8.8 (8.8.8.8) 56(84) bytes of data.
64 bytes from 8.8.8.8: icmp_seq=1 ttl=115 time=14.7 ms
64 bytes from 8.8.8.8: icmp_seq=2 ttl=115 time=16.1 ms
64 bytes from 8.8.8.8: icmp_seq=3 ttl=115 time=14.0 ms

--- 8.8.8.8 ping statistics ---
3 packets transmitted, 3 received, 0% packet loss, time 2003ms
rtt min/avg/max/mdev = 13.983/14.953/16.139/0.893 ms
