[master df530cf] Tue Oct 20 12:21:14 EST 2020
 1 file changed, 1 insertion(+)
 create mode 100644 bjorn
Current branch master is up to date.
To github.com:FLARE-forecast/FCRE-data.git
   71fdfdd..df530cf  master -> master
[master 0f395a5] Tue Oct 20 12:23:49 EST 2020
 1 file changed, 1 insertion(+)
 create mode 100644 bjorn
Current branch master is up to date.
To github.com:FLARE-forecast/BVRE-data.git
   4b4cf64..0f395a5  master -> master
[master ab7befe] Wed Oct 21 00:20:21 EST 2020
 1 file changed, 1 insertion(+), 1 deletion(-)
Current branch master is up to date.
To github.com:FLARE-forecast/BVRE-data.git
   0f395a5..ab7befe  master -> master
[master 7b52d63] Wed Oct 21 08:20:21 EST 2020
 1 file changed, 1 insertion(+), 1 deletion(-)
Current branch master is up to date.
To github.com:FLARE-forecast/BVRE-data.git
   ab7befe..7b52d63  master -> master
[master 21aafb0] Wed Oct 21 09:40:22 EST 2020
 1 file changed, 1 insertion(+), 1 deletion(-)
Current branch master is up to date.
To github.com:FLARE-forecast/BVRE-data.git
   7b52d63..21aafb0  master -> master
[master 094b449] Wed Oct 21 12:20:22 EST 2020
 1 file changed, 1 insertion(+), 1 deletion(-)
Current branch master is up to date.
To github.com:FLARE-forecast/BVRE-data.git
   21aafb0..094b449  master -> master
