
############################ diana2 - 06/22/23 11:29:19 EST -0500 ############################

 11:29:19 up 1 day, 16 min,  1 user,  load average: 0.03, 0.02, 0.01


reboot   system boot  5.15.0-75-generi Wed Jun 21 11:13   still running
reboot   system boot  5.15.0-75-generi Wed Jun 21 11:06 - 11:12  (00:06)
reboot   system boot  5.15.0-75-generi Wed Jun 21 10:59 - 11:05  (00:05)
reboot   system boot  5.15.0-75-generi Wed Jun 21 10:52 - 10:59  (00:06)
reboot   system boot  5.15.0-75-generi Wed Jun 21 10:40 - 10:51  (00:11)








[   10.089257] audit: type=1400 audit(1687363999.087:10): apparmor="STATUS" operation="profile_load" profile="unconfined" name="/usr/lib/connman/scripts/dhclient-script" pid=654 comm="apparmor_parser"
[   10.089261] audit: type=1400 audit(1687363999.087:11): apparmor="STATUS" operation="profile_load" profile="unconfined" name="/{,usr/}sbin/dhclient" pid=654 comm="apparmor_parser"
[   13.986431] igb 0000:03:00.0 eno1: igb: eno1 NIC Link is Up 1000 Mbps Full Duplex, Flow Control: RX
[   13.986768] IPv6: ADDRCONF(NETDEV_CHANGE): eno1: link becomes ready
[   15.514581] loop3: detected capacity change from 0 to 8
[   16.564745] kauditd_printk_skb: 4 callbacks suppressed
[   16.564752] audit: type=1400 audit(1687364005.563:16): apparmor="STATUS" operation="profile_load" profile="unconfined" name="docker-default" pid=894 comm="apparmor_parser"
[   18.752897] bridge: filtering via arp/ip/ip6tables is no longer available by default. Update your scripts to load br_netfilter if you need this.
[   18.756947] Bridge firewalling registered
[   18.971597] Initializing XFRM netlink socket


Filesystem                         Size  Used Avail Use% Mounted on
/dev/mmcblk0p2                     2.0G  253M  1.6G  14% /boot
/dev/mmcblk0p1                     1.1G  6.1M  1.1G   1% /boot/efi
/dev/sda1                           58G  1.1M   55G   1% /data






enp2s0:


PING github.com (140.82.112.3) 56(84) bytes of data.
64 bytes from lb-140-82-112-3-iad.github.com (140.82.112.3): icmp_seq=1 ttl=53 time=8.70 ms
64 bytes from lb-140-82-112-3-iad.github.com (140.82.112.3): icmp_seq=2 ttl=53 time=7.70 ms
64 bytes from lb-140-82-112-3-iad.github.com (140.82.112.3): icmp_seq=3 ttl=53 time=10.0 ms

--- github.com ping statistics ---
3 packets transmitted, 3 received, 0% packet loss, time 2002ms
rtt min/avg/max/mdev = 7.695/8.810/10.032/0.957 ms


PING 8.8.8.8 (8.8.8.8) 56(84) bytes of data.
64 bytes from 8.8.8.8: icmp_seq=1 ttl=60 time=8.85 ms
64 bytes from 8.8.8.8: icmp_seq=2 ttl=60 time=9.26 ms
64 bytes from 8.8.8.8: icmp_seq=3 ttl=60 time=8.77 ms

--- 8.8.8.8 ping statistics ---
3 packets transmitted, 3 received, 0% packet loss, time 2003ms
rtt min/avg/max/mdev = 8.766/8.956/9.255/0.213 ms
